{"/home/usuario/prct6/src/ejercicio-1/combat.ts":{"path":"/home/usuario/prct6/src/ejercicio-1/combat.ts","statementMap":{"0":{"start":{"line":2,"column":0},"end":{"line":2,"column":62}},"1":{"start":{"line":3,"column":0},"end":{"line":3,"column":24}},"2":{"start":{"line":4,"column":18},"end":{"line":4,"column":38}},"3":{"start":{"line":15,"column":8},"end":{"line":15,"column":35}},"4":{"start":{"line":16,"column":8},"end":{"line":16,"column":35}},"5":{"start":{"line":17,"column":8},"end":{"line":17,"column":39}},"6":{"start":{"line":23,"column":8},"end":{"line":23,"column":31}},"7":{"start":{"line":24,"column":8},"end":{"line":25,"column":40}},"8":{"start":{"line":26,"column":23},"end":{"line":26,"column":24}},"9":{"start":{"line":27,"column":8},"end":{"line":49,"column":9}},"10":{"start":{"line":29,"column":12},"end":{"line":29,"column":59}},"11":{"start":{"line":30,"column":12},"end":{"line":43,"column":13}},"12":{"start":{"line":31,"column":16},"end":{"line":32,"column":47}},"13":{"start":{"line":33,"column":16},"end":{"line":34,"column":77}},"14":{"start":{"line":35,"column":16},"end":{"line":35,"column":60}},"15":{"start":{"line":38,"column":16},"end":{"line":39,"column":47}},"16":{"start":{"line":40,"column":16},"end":{"line":41,"column":77}},"17":{"start":{"line":42,"column":16},"end":{"line":42,"column":60}},"18":{"start":{"line":44,"column":12},"end":{"line":44,"column":23}},"19":{"start":{"line":45,"column":12},"end":{"line":48,"column":67}},"20":{"start":{"line":50,"column":8},"end":{"line":55,"column":9}},"21":{"start":{"line":51,"column":12},"end":{"line":51,"column":59}},"22":{"start":{"line":54,"column":12},"end":{"line":54,"column":59}},"23":{"start":{"line":62,"column":8},"end":{"line":62,"column":81}},"24":{"start":{"line":63,"column":8},"end":{"line":63,"column":53}},"25":{"start":{"line":64,"column":8},"end":{"line":64,"column":81}},"26":{"start":{"line":65,"column":8},"end":{"line":65,"column":53}},"27":{"start":{"line":77,"column":24},"end":{"line":77,"column":43}},"28":{"start":{"line":78,"column":24},"end":{"line":78,"column":43}},"29":{"start":{"line":79,"column":21},"end":{"line":79,"column":44}},"30":{"start":{"line":80,"column":22},"end":{"line":80,"column":42}},"31":{"start":{"line":81,"column":26},"end":{"line":81,"column":27}},"32":{"start":{"line":82,"column":8},"end":{"line":185,"column":9}},"33":{"start":{"line":83,"column":12},"end":{"line":140,"column":13}},"34":{"start":{"line":84,"column":28},"end":{"line":84,"column":43}},"35":{"start":{"line":85,"column":28},"end":{"line":85,"column":43}},"36":{"start":{"line":86,"column":16},"end":{"line":136,"column":17}},"37":{"start":{"line":87,"column":20},"end":{"line":87,"column":38}},"38":{"start":{"line":89,"column":21},"end":{"line":136,"column":17}},"39":{"start":{"line":90,"column":20},"end":{"line":100,"column":21}},"40":{"start":{"line":92,"column":28},"end":{"line":92,"column":44}},"41":{"start":{"line":93,"column":28},"end":{"line":93,"column":34}},"42":{"start":{"line":95,"column":28},"end":{"line":95,"column":44}},"43":{"start":{"line":96,"column":28},"end":{"line":96,"column":34}},"44":{"start":{"line":98,"column":28},"end":{"line":98,"column":46}},"45":{"start":{"line":99,"column":28},"end":{"line":99,"column":34}},"46":{"start":{"line":102,"column":21},"end":{"line":136,"column":17}},"47":{"start":{"line":103,"column":20},"end":{"line":111,"column":21}},"48":{"start":{"line":106,"column":28},"end":{"line":106,"column":46}},"49":{"start":{"line":107,"column":28},"end":{"line":107,"column":34}},"50":{"start":{"line":109,"column":28},"end":{"line":109,"column":44}},"51":{"start":{"line":110,"column":28},"end":{"line":110,"column":34}},"52":{"start":{"line":113,"column":21},"end":{"line":136,"column":17}},"53":{"start":{"line":114,"column":20},"end":{"line":122,"column":21}},"54":{"start":{"line":117,"column":28},"end":{"line":117,"column":44}},"55":{"start":{"line":118,"column":28},"end":{"line":118,"column":34}},"56":{"start":{"line":120,"column":28},"end":{"line":120,"column":44}},"57":{"start":{"line":121,"column":28},"end":{"line":121,"column":34}},"58":{"start":{"line":125,"column":20},"end":{"line":135,"column":21}},"59":{"start":{"line":127,"column":28},"end":{"line":127,"column":44}},"60":{"start":{"line":128,"column":28},"end":{"line":128,"column":34}},"61":{"start":{"line":130,"column":28},"end":{"line":130,"column":44}},"62":{"start":{"line":131,"column":28},"end":{"line":131,"column":34}},"63":{"start":{"line":133,"column":28},"end":{"line":133,"column":46}},"64":{"start":{"line":134,"column":28},"end":{"line":134,"column":34}},"65":{"start":{"line":139,"column":16},"end":{"line":139,"column":32}},"66":{"start":{"line":143,"column":12},"end":{"line":184,"column":13}},"67":{"start":{"line":144,"column":16},"end":{"line":154,"column":17}},"68":{"start":{"line":146,"column":24},"end":{"line":146,"column":42}},"69":{"start":{"line":147,"column":24},"end":{"line":147,"column":30}},"70":{"start":{"line":149,"column":24},"end":{"line":149,"column":42}},"71":{"start":{"line":150,"column":24},"end":{"line":150,"column":30}},"72":{"start":{"line":152,"column":24},"end":{"line":152,"column":40}},"73":{"start":{"line":153,"column":24},"end":{"line":153,"column":30}},"74":{"start":{"line":156,"column":17},"end":{"line":184,"column":13}},"75":{"start":{"line":157,"column":16},"end":{"line":157,"column":34}},"76":{"start":{"line":159,"column":17},"end":{"line":184,"column":13}},"77":{"start":{"line":160,"column":16},"end":{"line":170,"column":17}},"78":{"start":{"line":162,"column":24},"end":{"line":162,"column":42}},"79":{"start":{"line":163,"column":24},"end":{"line":163,"column":30}},"80":{"start":{"line":165,"column":24},"end":{"line":165,"column":40}},"81":{"start":{"line":166,"column":24},"end":{"line":166,"column":30}},"82":{"start":{"line":168,"column":24},"end":{"line":168,"column":40}},"83":{"start":{"line":169,"column":24},"end":{"line":169,"column":30}},"84":{"start":{"line":172,"column":17},"end":{"line":184,"column":13}},"85":{"start":{"line":173,"column":16},"end":{"line":183,"column":17}},"86":{"start":{"line":175,"column":24},"end":{"line":175,"column":42}},"87":{"start":{"line":176,"column":24},"end":{"line":176,"column":30}},"88":{"start":{"line":178,"column":24},"end":{"line":178,"column":40}},"89":{"start":{"line":179,"column":24},"end":{"line":179,"column":30}},"90":{"start":{"line":181,"column":24},"end":{"line":181,"column":40}},"91":{"start":{"line":182,"column":24},"end":{"line":182,"column":30}},"92":{"start":{"line":186,"column":21},"end":{"line":186,"column":58}},"93":{"start":{"line":187,"column":8},"end":{"line":187,"column":45}},"94":{"start":{"line":190,"column":0},"end":{"line":190,"column":24}}},"fnMap":{"0":{"name":"(anonymous_0)","decl":{"start":{"line":14,"column":4},"end":{"line":14,"column":5}},"loc":{"start":{"line":14,"column":38},"end":{"line":18,"column":5}},"line":14},"1":{"name":"(anonymous_1)","decl":{"start":{"line":22,"column":4},"end":{"line":22,"column":5}},"loc":{"start":{"line":22,"column":15},"end":{"line":56,"column":5}},"line":22},"2":{"name":"(anonymous_2)","decl":{"start":{"line":61,"column":4},"end":{"line":61,"column":5}},"loc":{"start":{"line":61,"column":22},"end":{"line":66,"column":5}},"line":61},"3":{"name":"(anonymous_3)","decl":{"start":{"line":76,"column":4},"end":{"line":76,"column":5}},"loc":{"start":{"line":76,"column":33},"end":{"line":188,"column":5}},"line":76}},"branchMap":{"0":{"loc":{"start":{"line":27,"column":15},"end":{"line":28,"column":47}},"type":"binary-expr","locations":[{"start":{"line":27,"column":16},"end":{"line":27,"column":49}},{"start":{"line":28,"column":13},"end":{"line":28,"column":46}}],"line":27},"1":{"loc":{"start":{"line":30,"column":12},"end":{"line":43,"column":13}},"type":"if","locations":[{"start":{"line":30,"column":12},"end":{"line":43,"column":13}},{"start":{"line":30,"column":12},"end":{"line":43,"column":13}}],"line":30},"2":{"loc":{"start":{"line":50,"column":8},"end":{"line":55,"column":9}},"type":"if","locations":[{"start":{"line":50,"column":8},"end":{"line":55,"column":9}},{"start":{"line":50,"column":8},"end":{"line":55,"column":9}}],"line":50},"3":{"loc":{"start":{"line":82,"column":8},"end":{"line":185,"column":9}},"type":"if","locations":[{"start":{"line":82,"column":8},"end":{"line":185,"column":9}},{"start":{"line":82,"column":8},"end":{"line":185,"column":9}}],"line":82},"4":{"loc":{"start":{"line":83,"column":12},"end":{"line":140,"column":13}},"type":"if","locations":[{"start":{"line":83,"column":12},"end":{"line":140,"column":13}},{"start":{"line":83,"column":12},"end":{"line":140,"column":13}}],"line":83},"5":{"loc":{"start":{"line":83,"column":16},"end":{"line":83,"column":92}},"type":"binary-expr","locations":[{"start":{"line":83,"column":17},"end":{"line":83,"column":51}},{"start":{"line":83,"column":57},"end":{"line":83,"column":91}}],"line":83},"6":{"loc":{"start":{"line":86,"column":16},"end":{"line":136,"column":17}},"type":"if","locations":[{"start":{"line":86,"column":16},"end":{"line":136,"column":17}},{"start":{"line":86,"column":16},"end":{"line":136,"column":17}}],"line":86},"7":{"loc":{"start":{"line":89,"column":21},"end":{"line":136,"column":17}},"type":"if","locations":[{"start":{"line":89,"column":21},"end":{"line":136,"column":17}},{"start":{"line":89,"column":21},"end":{"line":136,"column":17}}],"line":89},"8":{"loc":{"start":{"line":90,"column":20},"end":{"line":100,"column":21}},"type":"switch","locations":[{"start":{"line":91,"column":24},"end":{"line":93,"column":34}},{"start":{"line":94,"column":24},"end":{"line":96,"column":34}},{"start":{"line":97,"column":24},"end":{"line":99,"column":34}}],"line":90},"9":{"loc":{"start":{"line":102,"column":21},"end":{"line":136,"column":17}},"type":"if","locations":[{"start":{"line":102,"column":21},"end":{"line":136,"column":17}},{"start":{"line":102,"column":21},"end":{"line":136,"column":17}}],"line":102},"10":{"loc":{"start":{"line":103,"column":20},"end":{"line":111,"column":21}},"type":"switch","locations":[{"start":{"line":104,"column":24},"end":{"line":104,"column":40}},{"start":{"line":105,"column":24},"end":{"line":107,"column":34}},{"start":{"line":108,"column":24},"end":{"line":110,"column":34}}],"line":103},"11":{"loc":{"start":{"line":113,"column":21},"end":{"line":136,"column":17}},"type":"if","locations":[{"start":{"line":113,"column":21},"end":{"line":136,"column":17}},{"start":{"line":113,"column":21},"end":{"line":136,"column":17}}],"line":113},"12":{"loc":{"start":{"line":114,"column":20},"end":{"line":122,"column":21}},"type":"switch","locations":[{"start":{"line":115,"column":24},"end":{"line":115,"column":39}},{"start":{"line":116,"column":24},"end":{"line":118,"column":34}},{"start":{"line":119,"column":24},"end":{"line":121,"column":34}}],"line":114},"13":{"loc":{"start":{"line":125,"column":20},"end":{"line":135,"column":21}},"type":"switch","locations":[{"start":{"line":126,"column":24},"end":{"line":128,"column":34}},{"start":{"line":129,"column":24},"end":{"line":131,"column":34}},{"start":{"line":132,"column":24},"end":{"line":134,"column":34}}],"line":125},"14":{"loc":{"start":{"line":143,"column":12},"end":{"line":184,"column":13}},"type":"if","locations":[{"start":{"line":143,"column":12},"end":{"line":184,"column":13}},{"start":{"line":143,"column":12},"end":{"line":184,"column":13}}],"line":143},"15":{"loc":{"start":{"line":144,"column":16},"end":{"line":154,"column":17}},"type":"switch","locations":[{"start":{"line":145,"column":20},"end":{"line":147,"column":30}},{"start":{"line":148,"column":20},"end":{"line":150,"column":30}},{"start":{"line":151,"column":20},"end":{"line":153,"column":30}}],"line":144},"16":{"loc":{"start":{"line":156,"column":17},"end":{"line":184,"column":13}},"type":"if","locations":[{"start":{"line":156,"column":17},"end":{"line":184,"column":13}},{"start":{"line":156,"column":17},"end":{"line":184,"column":13}}],"line":156},"17":{"loc":{"start":{"line":159,"column":17},"end":{"line":184,"column":13}},"type":"if","locations":[{"start":{"line":159,"column":17},"end":{"line":184,"column":13}},{"start":{"line":159,"column":17},"end":{"line":184,"column":13}}],"line":159},"18":{"loc":{"start":{"line":160,"column":16},"end":{"line":170,"column":17}},"type":"switch","locations":[{"start":{"line":161,"column":20},"end":{"line":163,"column":30}},{"start":{"line":164,"column":20},"end":{"line":166,"column":30}},{"start":{"line":167,"column":20},"end":{"line":169,"column":30}}],"line":160},"19":{"loc":{"start":{"line":172,"column":17},"end":{"line":184,"column":13}},"type":"if","locations":[{"start":{"line":172,"column":17},"end":{"line":184,"column":13}},{"start":{"line":172,"column":17},"end":{"line":184,"column":13}}],"line":172},"20":{"loc":{"start":{"line":173,"column":16},"end":{"line":183,"column":17}},"type":"switch","locations":[{"start":{"line":174,"column":20},"end":{"line":176,"column":30}},{"start":{"line":177,"column":20},"end":{"line":179,"column":30}},{"start":{"line":180,"column":20},"end":{"line":182,"column":30}}],"line":173}},"s":{"0":1,"1":1,"2":1,"3":3,"4":3,"5":3,"6":3,"7":3,"8":3,"9":3,"10":5,"11":5,"12":2,"13":2,"14":2,"15":3,"16":3,"17":3,"18":5,"19":5,"20":3,"21":2,"22":1,"23":3,"24":3,"25":3,"26":3,"27":6,"28":6,"29":6,"30":6,"31":6,"32":6,"33":2,"34":2,"35":2,"36":2,"37":0,"38":2,"39":0,"40":0,"41":0,"42":0,"43":0,"44":0,"45":0,"46":2,"47":1,"48":1,"49":1,"50":0,"51":0,"52":1,"53":0,"54":0,"55":0,"56":0,"57":0,"58":1,"59":0,"60":0,"61":1,"62":1,"63":0,"64":0,"65":0,"66":4,"67":1,"68":1,"69":1,"70":0,"71":0,"72":0,"73":0,"74":3,"75":1,"76":2,"77":1,"78":0,"79":0,"80":0,"81":0,"82":1,"83":1,"84":1,"85":1,"86":0,"87":0,"88":0,"89":0,"90":1,"91":1,"92":6,"93":6,"94":1},"f":{"0":3,"1":3,"2":3,"3":6},"b":{"0":[8,6],"1":[2,3],"2":[2,1],"3":[2,4],"4":[2,0],"5":[2,2],"6":[0,2],"7":[0,2],"8":[0,0,0],"9":[1,1],"10":[1,1,0],"11":[0,1],"12":[0,0,0],"13":[0,1,0],"14":[1,3],"15":[1,0,0],"16":[1,2],"17":[1,1],"18":[0,0,1],"19":[1,0],"20":[0,0,1]},"inputSourceMap":{"version":3,"file":"/home/usuario/prct6/src/ejercicio-1/combat.ts","sources":["/home/usuario/prct6/src/ejercicio-1/combat.ts"],"names":[],"mappings":";;;AACA,uCAAkC;AAIlC;;GAEG;AACH,MAAa,MAAM;IAEjB;;;;OAIG;IACH,YAA4B,SAAkB,EAC5B,SAAkB;QADR,cAAS,GAAT,SAAS,CAAS;QAC5B,cAAS,GAAT,SAAS,CAAS;QAP5B,eAAU,GAAa,IAAI,KAAK,CAAC,CAAC,CAAC,CAAC;IAOL,CAAC;IACxC;;MAEE;IACF,QAAQ;QACN,IAAI,CAAC,eAAe,EAAE,CAAC;QACvB,OAAO,CAAC,GAAG,CAAC,aAAa,GAAG,IAAI,CAAC,SAAS,CAAC,SAAS,EAAE,GAAG,MAAM;YAC/D,IAAI,CAAC,SAAS,CAAC,SAAS,EAAE,CAAC,CAAC;QAC5B,IAAI,QAAQ,GAAW,CAAC,CAAC;QACzB,OAAO,CAAC,IAAI,CAAC,SAAS,CAAC,YAAY,EAAE,GAAG,CAAC,CAAC;YACxC,CAAC,IAAI,CAAC,SAAS,CAAC,YAAY,EAAE,GAAG,CAAC,CAAC,EAAE;YACrC,OAAO,CAAC,GAAG,CAAC,cAAc,GAAG,QAAQ,GAAG,KAAK,CAAC,CAAC;YAC/C,IAAI,CAAC,QAAQ,GAAG,CAAC,CAAC,IAAI,CAAC,EAAE;gBACvB,OAAO,CAAC,GAAG,CAAC,IAAI,CAAC,SAAS,CAAC,SAAS,EAAE,GAAG,SAAS;oBAClD,IAAI,CAAC,SAAS,CAAC,QAAQ,EAAE,CAAC,CAAC;gBAC3B,OAAO,CAAC,GAAG,CAAC,IAAI,CAAC,SAAS,CAAC,SAAS,EAAE,GAAG,aAAa;oBACtD,IAAI,CAAC,UAAU,CAAC,CAAC,CAAC,GAAG,KAAK,GAAG,IAAI,CAAC,SAAS,CAAC,SAAS,EAAE,CAAC,CAAC;gBACzD,IAAI,CAAC,SAAS,CAAC,QAAQ,CAAC,IAAI,CAAC,UAAU,CAAC,CAAC,CAAC,CAAC,CAAC;aAC7C;iBAAM;gBACL,OAAO,CAAC,GAAG,CAAC,IAAI,CAAC,SAAS,CAAC,SAAS,EAAE,GAAG,SAAS;oBAClD,IAAI,CAAC,SAAS,CAAC,QAAQ,EAAE,CAAC,CAAC;gBAC3B,OAAO,CAAC,GAAG,CAAC,IAAI,CAAC,SAAS,CAAC,SAAS,EAAE,GAAG,aAAa;oBACtD,IAAI,CAAC,UAAU,CAAC,CAAC,CAAC,GAAG,KAAK,GAAG,IAAI,CAAC,SAAS,CAAC,SAAS,EAAE,CAAC,CAAC;gBACzD,IAAI,CAAC,SAAS,CAAC,QAAQ,CAAC,IAAI,CAAC,UAAU,CAAC,CAAC,CAAC,CAAC,CAAC;aAC7C;YACD,QAAQ,EAAE,CAAC;YACX,OAAO,CAAC,GAAG,CAAC,IAAI,CAAC,SAAS,CAAC,SAAS,EAAE,GAAG,QAAQ;gBACjD,CAAC,CAAC,IAAI,CAAC,SAAS,CAAC,YAAY,EAAE,CAAC,CAAC,OAAO,CAAC,CAAC,CAAC,GAAG,OAAO;gBACrD,IAAI,CAAC,SAAS,CAAC,SAAS,EAAE,GAAG,QAAQ;gBACrC,CAAC,CAAC,IAAI,CAAC,SAAS,CAAC,YAAY,EAAE,CAAC,CAAC,OAAO,CAAC,CAAC,CAAC,GAAG,GAAG,CAAC,CAAC;SACpD;QACD,IAAI,IAAI,CAAC,SAAS,CAAC,YAAY,EAAE,IAAI,CAAC,EAAE;YACtC,OAAO,CAAC,IAAI,CAAC,SAAS,CAAC,SAAS,EAAE,GAAG,QAAQ,CAAC,CAAC;SAChD;aAAM;YACL,OAAO,CAAC,IAAI,CAAC,SAAS,CAAC,SAAS,EAAE,GAAG,QAAQ,CAAC,CAAC;SAChD;IACH,CAAC;IACD;;;OAGG;IACH,eAAe;QACb,IAAI,CAAC,UAAU,CAAC,CAAC,CAAC,GAAG,IAAI,CAAC,cAAc,CAAC,IAAI,CAAC,SAAS,EAAE,IAAI,CAAC,SAAS,CAAC,CAAC;QACzE,OAAO,CAAC,GAAG,CAAC,UAAU,GAAG,IAAI,CAAC,UAAU,CAAC,CAAC,CAAC,CAAC,CAAC;QAC7C,IAAI,CAAC,UAAU,CAAC,CAAC,CAAC,GAAG,IAAI,CAAC,cAAc,CAAC,IAAI,CAAC,SAAS,EAAE,IAAI,CAAC,SAAS,CAAC,CAAC;QACzE,OAAO,CAAC,GAAG,CAAC,UAAU,GAAG,IAAI,CAAC,UAAU,CAAC,CAAC,CAAC,CAAC,CAAC;IAC/C,CAAC;IACD;;;;;;;;OAQG;IACH,cAAc,CAAC,KAAc,EAAE,KAAc;QAC3C,IAAI,SAAS,GAAW,KAAK,CAAC,WAAW,EAAE,CAAC;QAC5C,IAAI,SAAS,GAAW,KAAK,CAAC,WAAW,EAAE,CAAC;QAC5C,IAAI,MAAM,GAAW,KAAK,CAAC,QAAQ,EAAE,CAAC,MAAM,CAAC;QAC7C,IAAI,OAAO,GAAW,KAAK,CAAC,QAAQ,EAAE,CAAC,GAAG,CAAC;QAC3C,IAAI,WAAW,GAAW,CAAC,CAAC,CAAC,qCAAqC;QAClE,IAAI,SAAS,KAAK,SAAS,EAAE;YAC3B,IAAI,CAAC,KAAK,YAAY,iBAAO,CAAC,IAAE,CAAC,KAAK,YAAY,iBAAO,CAAC,EAAE;gBAC1D,IAAI,KAAK,GAAG,KAAK,CAAC,OAAO,EAAE,CAAC;gBAC5B,IAAI,KAAK,GAAG,KAAK,CAAC,OAAO,EAAE,CAAC;gBAC5B,IAAI,KAAK,KAAK,KAAK,EAAE;oBACnB,WAAW,GAAG,GAAG,CAAC;iBACnB;qBAAM,IAAI,KAAK,KAAK,OAAO,EAAE;oBAC5B,QAAQ,KAAK,EAAE;wBACb,KAAK,QAAQ;4BACX,WAAW,GAAG,CAAC,CAAC;4BAChB,MAAM;wBACR,KAAK,WAAW;4BACd,WAAW,GAAG,CAAC,CAAC;4BAChB,MAAM;wBACR,KAAK,MAAM;4BACT,WAAW,GAAG,GAAG,CAAC;4BAClB,MAAM;qBACT;iBACF;qBAAM,IAAI,KAAK,KAAK,MAAM,EAAE;oBAC3B,QAAQ,KAAK,EAAE;wBACb,KAAK,CAAC,QAAQ,CAAC,CAAC;wBAChB,KAAK,CAAC,WAAW,CAAC;4BAChB,WAAW,GAAG,GAAG,CAAC;4BAClB,MAAM;wBACR,KAAK,OAAO;4BACV,WAAW,GAAG,CAAC,CAAC;4BAChB,MAAM;qBACT;iBACF;qBAAM,IAAI,KAAK,KAAK,WAAW,EAAE;oBAChC,QAAQ,KAAK,EAAE;wBACb,KAAK,CAAC,OAAO,CAAC,CAAC;wBACf,KAAK,CAAC,SAAS,CAAC;4BACd,WAAW,GAAG,CAAC,CAAC;4BAChB,MAAM;wBACR,KAAK,MAAM;4BACT,WAAW,GAAG,CAAC,CAAC;4BAChB,MAAM;qBACT;iBACF;qBAAM;oBACL,QAAQ,KAAK,EAAE;wBACb,KAAK,WAAW;4BACd,WAAW,GAAG,CAAC,CAAC;4BAChB,MAAM;wBACR,KAAK,MAAM;4BACT,WAAW,GAAG,CAAC,CAAC;4BAChB,MAAM;wBACR,KAAK,OAAO;4BACV,WAAW,GAAG,GAAG,CAAC;4BAClB,MAAM;qBACT;iBACF;aACF;iBAAM;gBACL,WAAW,GAAG,CAAC,CAAC;aACjB;SACF;aAAM;YACL,IAAI,SAAS,IAAI,SAAS,EAAE;gBAC1B,QAAQ,SAAS,EAAE;oBACjB,KAAK,aAAa;wBAChB,WAAW,GAAG,GAAG,CAAC;wBAClB,MAAM;oBACR,KAAK,WAAW;wBACd,WAAW,GAAG,GAAG,CAAC;wBAClB,MAAM;oBACR,KAAK,QAAQ;wBACX,WAAW,GAAG,CAAC,CAAC;wBAChB,MAAM;iBACT;aACF;iBAAM,IAAI,SAAS,IAAI,aAAa,EAAE;gBACrC,WAAW,GAAG,GAAG,CAAC;aACnB;iBAAM,IAAI,SAAS,IAAI,WAAW,EAAE;gBACnC,QAAQ,SAAS,EAAE;oBACjB,KAAK,aAAa;wBAChB,WAAW,GAAG,GAAG,CAAC;wBAClB,MAAM;oBACR,KAAK,SAAS;wBACZ,WAAW,GAAG,CAAC,CAAC;wBAChB,MAAM;oBACR,KAAK,QAAQ;wBACX,WAAW,GAAG,CAAC,CAAC;wBAChB,MAAM;iBACT;aACF;iBAAM,IAAI,SAAS,IAAI,QAAQ,EAAE;gBAChC,QAAQ,SAAS,EAAE;oBACjB,KAAK,aAAa;wBAChB,WAAW,GAAG,GAAG,CAAC;wBAClB,MAAM;oBACR,KAAK,SAAS;wBACZ,WAAW,GAAG,CAAC,CAAC;wBAChB,MAAM;oBACR,KAAK,WAAW;wBACd,WAAW,GAAG,CAAC,CAAC;wBAChB,MAAM;iBACT;aACF;SACF;QACD,IAAI,MAAM,GAAW,EAAE,GAAG,CAAC,MAAM,GAAC,OAAO,CAAC,GAAG,WAAW,CAAC;QACzD,OAAO,UAAU,CAAC,MAAM,CAAC,OAAO,CAAC,CAAC,CAAC,CAAC,CAAC;IACvC,CAAC;CACF;AAxKD,wBAwKC","sourcesContent":["import {Fighter} from './fighter';\nimport {Pokemon} from './pokemon';\nimport {DragonBall} from './dragonball';\nimport {Marvel} from './marvel';\nimport {StarWars} from './starwars';\n/**\n * Clase combate. Esta clase realiza el combate entre dos luchadores.\n */\nexport class Combat {\n  private datoAtaque: number[] = new Array(2);\n  /**\n   * Contructor de la clase Combate. Instancia un combate\n   * @param luchador1 Fighter 1\n   * @param luchador2 Fighter 2\n   */\n  constructor(public readonly luchador1: Fighter,\n    public readonly luchador2: Fighter) {}\n  /**\n   * Realiza el combate entre los luchadores\n  */\n  combatir() {\n    this.calcularAtaques();\n    console.log('COMBATE -> ' + this.luchador1.getNombre() + ' VS ' +\n    this.luchador2.getNombre());\n    let iterator: number = 1;\n    while ((this.luchador1.getHPCombate() > 0) &&\n      (this.luchador2.getHPCombate() > 0)) {\n      console.log(\"\\n -[ Ronda \" + iterator + \" ]-\");\n      if ((iterator % 2) == 0) {\n        console.log(this.luchador2.getNombre() + ' dice: '+\n        this.luchador2.getFrase());\n        console.log(this.luchador2.getNombre() + \" inflinje -\" +\n        this.datoAtaque[1] + \" a \" + this.luchador1.getNombre());\n        this.luchador1.restarHP(this.datoAtaque[1]);\n      } else {\n        console.log(this.luchador1.getNombre() + ' dice: '+\n        this.luchador1.getFrase());\n        console.log(this.luchador1.getNombre() + \" inflinje -\" +\n        this.datoAtaque[0] + \" a \" + this.luchador2.getNombre());\n        this.luchador2.restarHP(this.datoAtaque[0]);\n      }\n      iterator++;\n      console.log(this.luchador1.getNombre() + \" [HP: \" +\n      +(this.luchador1.getHPCombate()).toFixed(2) + \"] VS \" +\n      this.luchador2.getNombre() + \" [HP: \" +\n      +(this.luchador2.getHPCombate()).toFixed(2) + \"]\");\n    }\n    if (this.luchador1.getHPCombate() <= 0) {\n      return (this.luchador2.getNombre() + ' gana!');\n    } else {\n      return (this.luchador1.getNombre() + ' gana!');\n    }\n  }\n  /**\n   * Calcula el daño que hace un luchador al otro y viceversa.\n   * Guarda esos datos en un array datoAtaque.\n   */\n  calcularAtaques() {\n    this.datoAtaque[0] = this.calculoCombate(this.luchador1, this.luchador2);\n    console.log('A 2 B > ' + this.datoAtaque[0]);\n    this.datoAtaque[1] = this.calculoCombate(this.luchador2, this.luchador1);\n    console.log('B 2 A > ' + this.datoAtaque[1]);\n  }\n  /**\n   * Calcula el daño del ataque del pokemon 1 al pokemon 2 en funcion\n   * de sus tipos y estadísticas.\n   * @param tipo1 Tipo del pokemon 1\n   * @param tipo2 Tipo del pokemon 2\n   * @param ataque Ataque del pokemon 1\n   * @param defensa Defensa del pokemon 2\n   * @returns Daño inflingido del pokemon 1 al pokemon 2\n   */\n  calculoCombate(luch1: Fighter, luch2: Fighter): number {\n    let universo1: string = luch1.getUniverso();\n    let universo2: string = luch2.getUniverso();\n    let ataque: number = luch1.getStats().attack;\n    let defensa: number = luch2.getStats().def;\n    let efectividad: number = 0; // Variable de efectividad del ataque\n    if (universo1 === universo2) {\n      if ((luch1 instanceof Pokemon)&&(luch2 instanceof Pokemon)) {\n        let tipo1 = luch1.getTipo();\n        let tipo2 = luch2.getTipo();\n        if (tipo1 === tipo2) {\n          efectividad = 0.5;\n        } else if (tipo1 === 'Fuego') {\n          switch (tipo2) {\n            case 'Hierba':\n              efectividad = 2;\n              break;\n            case 'Electrico':\n              efectividad = 1;\n              break;\n            case 'Agua':\n              efectividad = 0.5;\n              break;\n          }\n        } else if (tipo1 === 'Agua') {\n          switch (tipo2) {\n            case ('Hierba'):\n            case ('Electrico'):\n              efectividad = 0.5;\n              break;\n            case 'Fuego':\n              efectividad = 2;\n              break;\n          }\n        } else if (tipo1 === 'Electrico') {\n          switch (tipo2) {\n            case ('Fuego'):\n            case ('Hierba)'):\n              efectividad = 1;\n              break;\n            case 'Agua':\n              efectividad = 2;\n              break;\n          }\n        } else {\n          switch (tipo2) {\n            case 'Electrico':\n              efectividad = 1;\n              break;\n            case 'Agua':\n              efectividad = 2;\n              break;\n            case 'Fuego':\n              efectividad = 0.5;\n              break;\n          }\n        }\n      } else {\n        efectividad = 1;\n      }\n    } else {\n      if (universo1 == 'Pokemon') {\n        switch (universo2) {\n          case 'Dragon Ball':\n            efectividad = 0.5;\n            break;\n          case 'Star Wars':\n            efectividad = 1.5;\n            break;\n          case 'Marvel':\n            efectividad = 1;\n            break;\n        }\n      } else if (universo1 == 'Dragon Ball') {\n        efectividad = 0.5;\n      } else if (universo1 == 'Star Wars') {\n        switch (universo2) {\n          case 'Dragon Ball':\n            efectividad = 0.5;\n            break;\n          case 'Pokemon':\n            efectividad = 1;\n            break;\n          case 'Marvel':\n            efectividad = 1;\n            break;\n        }\n      } else if (universo1 == 'Marvel') {\n        switch (universo2) {\n          case 'Dragon Ball':\n            efectividad = 0.5;\n            break;\n          case 'Pokemon':\n            efectividad = 1;\n            break;\n          case 'Star Wars':\n            efectividad = 1;\n            break;\n        }\n      }\n    }\n    let damage: number = 50 * (ataque/defensa) * efectividad;\n    return parseFloat(damage.toFixed(2));\n  }\n}"]},"_coverageSchema":"1a1c01bbd47fc00a2c39e90264f33305004495a9","hash":"f1a1d12b6b5cb7399d1eb0681bdb7b53270b1530","contentHash":"d715ddcabf7d09c6d56ff8c1b967a327e42509913d6874f789edbdf66df10c96"},"/home/usuario/prct6/src/ejercicio-1/pokemon.ts":{"path":"/home/usuario/prct6/src/ejercicio-1/pokemon.ts","statementMap":{"0":{"start":{"line":2,"column":0},"end":{"line":2,"column":62}},"1":{"start":{"line":3,"column":0},"end":{"line":3,"column":25}},"2":{"start":{"line":4,"column":18},"end":{"line":4,"column":38}},"3":{"start":{"line":19,"column":8},"end":{"line":19,"column":57}},"4":{"start":{"line":20,"column":8},"end":{"line":20,"column":25}},"5":{"start":{"line":21,"column":8},"end":{"line":21,"column":34}},"6":{"start":{"line":28,"column":8},"end":{"line":28,"column":29}},"7":{"start":{"line":35,"column":8},"end":{"line":35,"column":25}},"8":{"start":{"line":38,"column":0},"end":{"line":38,"column":26}}},"fnMap":{"0":{"name":"(anonymous_0)","decl":{"start":{"line":18,"column":4},"end":{"line":18,"column":5}},"loc":{"start":{"line":18,"column":65},"end":{"line":22,"column":5}},"line":18},"1":{"name":"(anonymous_1)","decl":{"start":{"line":27,"column":4},"end":{"line":27,"column":5}},"loc":{"start":{"line":27,"column":18},"end":{"line":29,"column":5}},"line":27},"2":{"name":"(anonymous_2)","decl":{"start":{"line":34,"column":4},"end":{"line":34,"column":5}},"loc":{"start":{"line":34,"column":14},"end":{"line":36,"column":5}},"line":34}},"branchMap":{},"s":{"0":1,"1":1,"2":1,"3":5,"4":5,"5":5,"6":7,"7":5,"8":1},"f":{"0":5,"1":7,"2":5},"b":{},"inputSourceMap":{"version":3,"file":"/home/usuario/prct6/src/ejercicio-1/pokemon.ts","sources":["/home/usuario/prct6/src/ejercicio-1/pokemon.ts"],"names":[],"mappings":";;;AAAA,uCAAyC;AACzC;;GAEG;AACH,MAAa,OAAQ,SAAQ,iBAAO;IAElC;;;;;;;;OAQG;IACH,YAAY,MAAc,EAAmB,IAAY,EAAE,IAAY,EACnE,MAAc,EAAE,KAAa,EAAE,YAAmB;QACpD,KAAK,CAAC,MAAM,EAAE,IAAI,EAAE,MAAM,EAAE,KAAK,EAAE,YAAY,CAAC,CAAC;QAFN,SAAI,GAAJ,IAAI,CAAQ;QAVjD,aAAQ,GAAW,SAAS,CAAC;IAarC,CAAC;IACD;;;OAGG;IACH,WAAW;QACT,OAAO,IAAI,CAAC,QAAQ,CAAC;IACvB,CAAC;IACD;;;OAGG;IACH,OAAO;QACL,OAAO,IAAI,CAAC,IAAI,CAAC;IACnB,CAAC;CACF;AA7BD,0BA6BC","sourcesContent":["import {Fighter, stats} from './fighter';\n/**\n * Clase para definir un Pokemon\n */\nexport class Pokemon extends Fighter {\n  private universo: string = 'Pokemon';\n  /**\n   * Constructor de la clase Pokemon\n   * @param nombre Nombre del pokemon\n   * @param tipo Tipo del pokemon\n   * @param peso Peso del pokemon\n   * @param altura Altura del pokemon\n   * @param frase Frase/sonido del Pokemon\n   * @param estadisticas Estadisticas del pokemon\n   */\n  constructor(nombre: string, private readonly tipo: string, peso: number,\n      altura: number, frase: string, estadisticas: stats) {\n    super(nombre, peso, altura, frase, estadisticas);\n  }\n  /**\n   * Getter -> Obtener universo al que pertenece el luchador (Pokemon)\n   * @returns universo\n   */\n  getUniverso() {\n    return this.universo;\n  }\n  /**\n   * Getter -> Obtener el tipo del pokemon\n   * @returns tipo\n   */\n  getTipo() {\n    return this.tipo;\n  }\n}"]},"_coverageSchema":"1a1c01bbd47fc00a2c39e90264f33305004495a9","hash":"6256d7179fee6e4692c7af21a624d16fb6efaa60","contentHash":"1c8910b5dda77cd5c3620b91903cdb7faa038239c5d5f0c42cf31600932ab85a"},"/home/usuario/prct6/src/ejercicio-1/fighter.ts":{"path":"/home/usuario/prct6/src/ejercicio-1/fighter.ts","statementMap":{"0":{"start":{"line":2,"column":0},"end":{"line":2,"column":62}},"1":{"start":{"line":3,"column":0},"end":{"line":3,"column":25}},"2":{"start":{"line":17,"column":8},"end":{"line":17,"column":29}},"3":{"start":{"line":18,"column":8},"end":{"line":18,"column":25}},"4":{"start":{"line":19,"column":8},"end":{"line":19,"column":29}},"5":{"start":{"line":20,"column":8},"end":{"line":20,"column":27}},"6":{"start":{"line":21,"column":8},"end":{"line":21,"column":41}},"7":{"start":{"line":22,"column":8},"end":{"line":22,"column":27}},"8":{"start":{"line":23,"column":8},"end":{"line":23,"column":44}},"9":{"start":{"line":30,"column":8},"end":{"line":30,"column":33}},"10":{"start":{"line":37,"column":8},"end":{"line":37,"column":27}},"11":{"start":{"line":44,"column":8},"end":{"line":44,"column":25}},"12":{"start":{"line":51,"column":8},"end":{"line":51,"column":27}},"13":{"start":{"line":58,"column":8},"end":{"line":58,"column":30}},"14":{"start":{"line":65,"column":8},"end":{"line":65,"column":33}},"15":{"start":{"line":72,"column":8},"end":{"line":72,"column":26}},"16":{"start":{"line":75,"column":0},"end":{"line":75,"column":26}}},"fnMap":{"0":{"name":"(anonymous_0)","decl":{"start":{"line":16,"column":4},"end":{"line":16,"column":5}},"loc":{"start":{"line":16,"column":59},"end":{"line":24,"column":5}},"line":16},"1":{"name":"(anonymous_1)","decl":{"start":{"line":29,"column":4},"end":{"line":29,"column":5}},"loc":{"start":{"line":29,"column":21},"end":{"line":31,"column":5}},"line":29},"2":{"name":"(anonymous_2)","decl":{"start":{"line":36,"column":4},"end":{"line":36,"column":5}},"loc":{"start":{"line":36,"column":16},"end":{"line":38,"column":5}},"line":36},"3":{"name":"(anonymous_3)","decl":{"start":{"line":43,"column":4},"end":{"line":43,"column":5}},"loc":{"start":{"line":43,"column":14},"end":{"line":45,"column":5}},"line":43},"4":{"name":"(anonymous_4)","decl":{"start":{"line":50,"column":4},"end":{"line":50,"column":5}},"loc":{"start":{"line":50,"column":16},"end":{"line":52,"column":5}},"line":50},"5":{"name":"(anonymous_5)","decl":{"start":{"line":57,"column":4},"end":{"line":57,"column":5}},"loc":{"start":{"line":57,"column":19},"end":{"line":59,"column":5}},"line":57},"6":{"name":"(anonymous_6)","decl":{"start":{"line":64,"column":4},"end":{"line":64,"column":5}},"loc":{"start":{"line":64,"column":15},"end":{"line":66,"column":5}},"line":64},"7":{"name":"(anonymous_7)","decl":{"start":{"line":71,"column":4},"end":{"line":71,"column":5}},"loc":{"start":{"line":71,"column":15},"end":{"line":73,"column":5}},"line":71}},"branchMap":{},"s":{"0":1,"1":1,"2":11,"3":11,"4":11,"5":11,"6":11,"7":11,"8":11,"9":5,"10":34,"11":0,"12":0,"13":27,"14":13,"15":5,"16":1},"f":{"0":11,"1":5,"2":34,"3":0,"4":0,"5":27,"6":13,"7":5},"b":{},"inputSourceMap":{"version":3,"file":"/home/usuario/prct6/src/ejercicio-1/fighter.ts","sources":["/home/usuario/prct6/src/ejercicio-1/fighter.ts"],"names":[],"mappings":";;;AAUA;;GAEG;AACH,MAAsB,OAAO;IAE3B;;;;;;;OAOG;IACH,YAA6B,MAAc,EAAmB,IAAY,EACvD,MAAc,EAAmB,KAAa,EAC9C,YAAmB;QAFT,WAAM,GAAN,MAAM,CAAQ;QAAmB,SAAI,GAAJ,IAAI,CAAQ;QACvD,WAAM,GAAN,MAAM,CAAQ;QAAmB,UAAK,GAAL,KAAK,CAAQ;QAC9C,iBAAY,GAAZ,YAAY,CAAO;QAX9B,cAAS,GAAW,CAAC,CAAC;QAY5B,IAAI,CAAC,SAAS,GAAG,YAAY,CAAC,KAAK,CAAC;IACtC,CAAC;IACD;;;OAGG;IACH,QAAQ,CAAC,MAAc;QACrB,IAAI,CAAC,SAAS,IAAI,MAAM,CAAC;IAC3B,CAAC;IACD;;;OAGG;IACH,SAAS;QACP,OAAO,IAAI,CAAC,MAAM,CAAC;IACrB,CAAC;IACD;;;OAGG;IACH,OAAO;QACL,OAAO,IAAI,CAAC,IAAI,CAAC;IACnB,CAAC;IACD;;;OAGG;IACH,SAAS;QACP,OAAO,IAAI,CAAC,MAAM,CAAC;IACrB,CAAC;IACD;;;OAGG;IACH,YAAY;QACV,OAAO,IAAI,CAAC,SAAS,CAAC;IACxB,CAAC;IACD;;;OAGG;IACH,QAAQ;QACN,OAAO,IAAI,CAAC,YAAY,CAAC;IAC3B,CAAC;IACD;;;OAGG;IACH,QAAQ;QACN,OAAO,IAAI,CAAC,KAAK,CAAC;IACpB,CAAC;CAKF;AApED,0BAoEC","sourcesContent":["/**\n * Tipo de dato que contiene las estadisticas del luchador\n */\nexport type stats = {\n  hpMax: number,\n  attack: number,\n  def: number,\n  speed: number\n}\n\n/**\n * Clase abstracta para definir a los luchadores\n */\nexport abstract class Fighter {\n  private hpCombate: number = 0;\n  /**\n   * Constructor de la clase Fighter\n   * @param nombre Nombre del luchador\n   * @param peso Peso del luchador\n   * @param altura Altura del luchador\n   * @param frase Frase caracteristica del luchador\n   * @param estadisticas Array con las estadisticas (hp, attk, def, speed)\n   */\n  constructor(private readonly nombre: string, private readonly peso: number,\n    private readonly altura: number, private readonly frase: string,\n    private readonly estadisticas: stats) {\n    this.hpCombate = estadisticas.hpMax;\n  }\n  /**\n   * Resta el daño recibido a la salud actual\n   * @param damage Daño recibido\n   */\n  restarHP(damage: number) {\n    this.hpCombate -= damage;\n  }\n  /**\n   * Getter para el nomnbre\n   * @returns nombre\n   */\n  getNombre() {\n    return this.nombre;\n  }\n  /**\n   * Getter para el peso\n   * @returns peso\n   */\n  getPeso() {\n    return this.peso;\n  }\n  /**\n   * Getter para la altura\n   * @returns altura\n   */\n  getAltura() {\n    return this.altura;\n  }\n  /**\n   * Getter hp del combate\n   * @returns hpCombate\n   */\n  getHPCombate() {\n    return this.hpCombate;\n  }\n  /**\n   * Getter para el array de estadisticas\n   * @returns estadisticas\n   */\n  getStats() {\n    return this.estadisticas;\n  }\n  /**\n   * Getter para obtener la frase del luchador\n   * @returns frase\n   */\n  getFrase() {\n    return this.frase;\n  }\n  /**\n   * Getter para obtener el universo de donde viene el luchador\n   */\n  abstract getUniverso(): string;\n}"]},"_coverageSchema":"1a1c01bbd47fc00a2c39e90264f33305004495a9","hash":"bca5477806db5a53e0d9049287f4b00f95f83ac8","contentHash":"2f0d3f43177c95c2bd69e61231f4f54dbdd52c86bcdbab5691df8e4b646275bd"},"/home/usuario/prct6/src/ejercicio-1/marvel.ts":{"path":"/home/usuario/prct6/src/ejercicio-1/marvel.ts","statementMap":{"0":{"start":{"line":2,"column":0},"end":{"line":2,"column":62}},"1":{"start":{"line":3,"column":0},"end":{"line":3,"column":24}},"2":{"start":{"line":4,"column":18},"end":{"line":4,"column":38}},"3":{"start":{"line":18,"column":8},"end":{"line":18,"column":57}},"4":{"start":{"line":19,"column":8},"end":{"line":19,"column":33}},"5":{"start":{"line":26,"column":8},"end":{"line":26,"column":29}},"6":{"start":{"line":29,"column":0},"end":{"line":29,"column":24}}},"fnMap":{"0":{"name":"(anonymous_0)","decl":{"start":{"line":17,"column":4},"end":{"line":17,"column":5}},"loc":{"start":{"line":17,"column":59},"end":{"line":20,"column":5}},"line":17},"1":{"name":"(anonymous_1)","decl":{"start":{"line":25,"column":4},"end":{"line":25,"column":5}},"loc":{"start":{"line":25,"column":18},"end":{"line":27,"column":5}},"line":25}},"branchMap":{},"s":{"0":1,"1":1,"2":1,"3":2,"4":2,"5":2,"6":1},"f":{"0":2,"1":2},"b":{},"inputSourceMap":{"version":3,"file":"/home/usuario/prct6/src/ejercicio-1/marvel.ts","sources":["/home/usuario/prct6/src/ejercicio-1/marvel.ts"],"names":[],"mappings":";;;AAAA,uCAAyC;AACzC;;GAEG;AACH,MAAa,MAAO,SAAQ,iBAAO;IAEjC;;;;;;;OAOG;IACH,YAAY,MAAc,EAAE,IAAY,EACpC,MAAc,EAAE,KAAa,EAAE,YAAmB;QACpD,KAAK,CAAC,MAAM,EAAE,IAAI,EAAE,MAAM,EAAE,KAAK,EAAE,YAAY,CAAC,CAAC;QAX3C,aAAQ,GAAW,QAAQ,CAAC;IAYpC,CAAC;IACD;;;OAGG;IACH,WAAW;QACT,OAAO,IAAI,CAAC,QAAQ,CAAC;IACvB,CAAC;CACF;AArBD,wBAqBC","sourcesContent":["import {Fighter, stats} from './fighter';\n/**\n * Clase para definir un Marvel\n */\nexport class Marvel extends Fighter {\n  private universo: string = 'Marvel';\n  /**\n   * Constructor de la clase Marvel\n   * @param nombre Nombre del personaje de Marvel\n   * @param peso Peso del personaje de Marvel\n   * @param altura Altura del personaje de Marvel\n   * @param frase Frase/sonido del personaje de Marvel\n   * @param estadisticas Estadisticas del personaje de Marvel\n   */\n  constructor(nombre: string, peso: number,\n      altura: number, frase: string, estadisticas: stats) {\n    super(nombre, peso, altura, frase, estadisticas);\n  }\n  /**\n   * Getter -> Obtener universo al que pertenece el luchador (Marvel)\n   * @returns universo\n   */\n  getUniverso() {\n    return this.universo;\n  }\n}"]},"_coverageSchema":"1a1c01bbd47fc00a2c39e90264f33305004495a9","hash":"0a5855ea61fb353981b653fe4aa4fad4f15259e1","contentHash":"4d98813c41d86682f414c491c2034118ba2972dfb77c1d8aeb35baa392775516"},"/home/usuario/prct6/src/ejercicio-1/dragonball.ts":{"path":"/home/usuario/prct6/src/ejercicio-1/dragonball.ts","statementMap":{"0":{"start":{"line":2,"column":0},"end":{"line":2,"column":62}},"1":{"start":{"line":3,"column":0},"end":{"line":3,"column":28}},"2":{"start":{"line":4,"column":18},"end":{"line":4,"column":38}},"3":{"start":{"line":18,"column":8},"end":{"line":18,"column":57}},"4":{"start":{"line":19,"column":8},"end":{"line":19,"column":38}},"5":{"start":{"line":26,"column":8},"end":{"line":26,"column":29}},"6":{"start":{"line":29,"column":0},"end":{"line":29,"column":32}}},"fnMap":{"0":{"name":"(anonymous_0)","decl":{"start":{"line":17,"column":4},"end":{"line":17,"column":5}},"loc":{"start":{"line":17,"column":59},"end":{"line":20,"column":5}},"line":17},"1":{"name":"(anonymous_1)","decl":{"start":{"line":25,"column":4},"end":{"line":25,"column":5}},"loc":{"start":{"line":25,"column":18},"end":{"line":27,"column":5}},"line":25}},"branchMap":{},"s":{"0":1,"1":1,"2":1,"3":2,"4":2,"5":2,"6":1},"f":{"0":2,"1":2},"b":{},"inputSourceMap":{"version":3,"file":"/home/usuario/prct6/src/ejercicio-1/dragonball.ts","sources":["/home/usuario/prct6/src/ejercicio-1/dragonball.ts"],"names":[],"mappings":";;;AAAA,uCAAyC;AACzC;;GAEG;AACH,MAAa,UAAW,SAAQ,iBAAO;IAErC;;;;;;;OAOG;IACH,YAAY,MAAc,EAAE,IAAY,EACpC,MAAc,EAAE,KAAa,EAAE,YAAmB;QACpD,KAAK,CAAC,MAAM,EAAE,IAAI,EAAE,MAAM,EAAE,KAAK,EAAE,YAAY,CAAC,CAAC;QAX3C,aAAQ,GAAW,aAAa,CAAC;IAYzC,CAAC;IACD;;;OAGG;IACH,WAAW;QACT,OAAO,IAAI,CAAC,QAAQ,CAAC;IACvB,CAAC;CACF;AArBD,gCAqBC","sourcesContent":["import {Fighter, stats} from './fighter';\n/**\n * Clase para definir un personaje de Dragon Ball\n */\nexport class DragonBall extends Fighter {\n  private universo: string = 'Dragon Ball';\n  /**\n   * Constructor de la clase Dragon Ball\n   * @param nombre Nombre del personaje de Dragon Ball\n   * @param peso Peso del personaje de Dragon Ball\n   * @param altura Altura del personaje de  Dragon Ball\n   * @param frase Frase/sonido personaje de del Dragon Ball\n   * @param estadisticas Estadisticas personaje de del Dragon Ball\n   */\n  constructor(nombre: string, peso: number,\n      altura: number, frase: string, estadisticas: stats) {\n    super(nombre, peso, altura, frase, estadisticas);\n  }\n  /**\n   * Getter -> Obtener universo al que pertenece el luchador (Dragon Ball)\n   * @returns universo\n   */\n  getUniverso() {\n    return this.universo;\n  }\n}"]},"_coverageSchema":"1a1c01bbd47fc00a2c39e90264f33305004495a9","hash":"5bc945dc189057c907127b3adada8f6c017a5edd","contentHash":"799e0291b382e52567eda95d42b282855b12d9038036c87dca1e67224ba3736d"},"/home/usuario/prct6/src/ejercicio-1/starwars.ts":{"path":"/home/usuario/prct6/src/ejercicio-1/starwars.ts","statementMap":{"0":{"start":{"line":2,"column":0},"end":{"line":2,"column":62}},"1":{"start":{"line":3,"column":0},"end":{"line":3,"column":26}},"2":{"start":{"line":4,"column":18},"end":{"line":4,"column":38}},"3":{"start":{"line":18,"column":8},"end":{"line":18,"column":57}},"4":{"start":{"line":19,"column":8},"end":{"line":19,"column":36}},"5":{"start":{"line":26,"column":8},"end":{"line":26,"column":29}},"6":{"start":{"line":29,"column":0},"end":{"line":29,"column":28}}},"fnMap":{"0":{"name":"(anonymous_0)","decl":{"start":{"line":17,"column":4},"end":{"line":17,"column":5}},"loc":{"start":{"line":17,"column":59},"end":{"line":20,"column":5}},"line":17},"1":{"name":"(anonymous_1)","decl":{"start":{"line":25,"column":4},"end":{"line":25,"column":5}},"loc":{"start":{"line":25,"column":18},"end":{"line":27,"column":5}},"line":25}},"branchMap":{},"s":{"0":1,"1":1,"2":1,"3":2,"4":2,"5":2,"6":1},"f":{"0":2,"1":2},"b":{},"inputSourceMap":{"version":3,"file":"/home/usuario/prct6/src/ejercicio-1/starwars.ts","sources":["/home/usuario/prct6/src/ejercicio-1/starwars.ts"],"names":[],"mappings":";;;AAAA,uCAAyC;AACzC;;GAEG;AACH,MAAa,QAAS,SAAQ,iBAAO;IAEnC;;;;;;;OAOG;IACH,YAAY,MAAc,EAAE,IAAY,EACpC,MAAc,EAAE,KAAa,EAAE,YAAmB;QACpD,KAAK,CAAC,MAAM,EAAE,IAAI,EAAE,MAAM,EAAE,KAAK,EAAE,YAAY,CAAC,CAAC;QAX3C,aAAQ,GAAW,WAAW,CAAC;IAYvC,CAAC;IACD;;;OAGG;IACH,WAAW;QACT,OAAO,IAAI,CAAC,QAAQ,CAAC;IACvB,CAAC;CACF;AArBD,4BAqBC","sourcesContent":["import {Fighter, stats} from './fighter';\n/**\n * Clase para definir un personaje de Star Wars\n */\nexport class StarWars extends Fighter {\n  private universo: string = 'Star Wars';\n  /**\n   * Constructor de la clase Star Wars\n   * @param nombre Nombre del personaje de Star Wars\n   * @param peso Peso del personaje de Star Wars\n   * @param altura Altura del personaje de  Star Wars\n   * @param frase Frase/sonido personaje de del Star Wars\n   * @param estadisticas Estadisticas personaje de del Star Wars\n   */\n  constructor(nombre: string, peso: number,\n      altura: number, frase: string, estadisticas: stats) {\n    super(nombre, peso, altura, frase, estadisticas);\n  }\n  /**\n   * Getter -> Obtener universo al que pertenece el luchador (Star Wars)\n   * @returns universo\n   */\n  getUniverso() {\n    return this.universo;\n  }\n}"]},"_coverageSchema":"1a1c01bbd47fc00a2c39e90264f33305004495a9","hash":"5a2ea6345c0040a23af1c708a648ba18e44bad08","contentHash":"7f2f1ba763bf2652db1551f76a1a65574e9c0a50d795581b7d78fc4a2790d744"},"/home/usuario/prct6/src/ejercicio-1/fighterdex.ts":{"path":"/home/usuario/prct6/src/ejercicio-1/fighterdex.ts","statementMap":{"0":{"start":{"line":2,"column":0},"end":{"line":2,"column":62}},"1":{"start":{"line":3,"column":0},"end":{"line":3,"column":28}},"2":{"start":{"line":13,"column":8},"end":{"line":13,"column":33}},"3":{"start":{"line":21,"column":8},"end":{"line":21,"column":37}},"4":{"start":{"line":28,"column":18},"end":{"line":28,"column":20}},"5":{"start":{"line":29,"column":8},"end":{"line":33,"column":11}},"6":{"start":{"line":30,"column":12},"end":{"line":32,"column":13}},"7":{"start":{"line":31,"column":16},"end":{"line":31,"column":50}},"8":{"start":{"line":34,"column":8},"end":{"line":39,"column":9}},"9":{"start":{"line":35,"column":12},"end":{"line":35,"column":70}},"10":{"start":{"line":38,"column":12},"end":{"line":38,"column":41}},"11":{"start":{"line":47,"column":8},"end":{"line":47,"column":36}},"12":{"start":{"line":55,"column":18},"end":{"line":55,"column":20}},"13":{"start":{"line":56,"column":8},"end":{"line":60,"column":11}},"14":{"start":{"line":57,"column":12},"end":{"line":59,"column":13}},"15":{"start":{"line":58,"column":16},"end":{"line":58,"column":50}},"16":{"start":{"line":61,"column":8},"end":{"line":66,"column":9}},"17":{"start":{"line":62,"column":12},"end":{"line":62,"column":24}},"18":{"start":{"line":65,"column":12},"end":{"line":65,"column":38}},"19":{"start":{"line":69,"column":0},"end":{"line":69,"column":32}}},"fnMap":{"0":{"name":"(anonymous_0)","decl":{"start":{"line":12,"column":4},"end":{"line":12,"column":5}},"loc":{"start":{"line":12,"column":26},"end":{"line":14,"column":5}},"line":12},"1":{"name":"(anonymous_1)","decl":{"start":{"line":20,"column":4},"end":{"line":20,"column":5}},"loc":{"start":{"line":20,"column":25},"end":{"line":22,"column":5}},"line":20},"2":{"name":"(anonymous_2)","decl":{"start":{"line":27,"column":4},"end":{"line":27,"column":5}},"loc":{"start":{"line":27,"column":25},"end":{"line":40,"column":5}},"line":27},"3":{"name":"(anonymous_3)","decl":{"start":{"line":29,"column":30},"end":{"line":29,"column":31}},"loc":{"start":{"line":29,"column":40},"end":{"line":33,"column":9}},"line":29},"4":{"name":"(anonymous_4)","decl":{"start":{"line":46,"column":4},"end":{"line":46,"column":5}},"loc":{"start":{"line":46,"column":21},"end":{"line":48,"column":5}},"line":46},"5":{"name":"(anonymous_5)","decl":{"start":{"line":54,"column":4},"end":{"line":54,"column":5}},"loc":{"start":{"line":54,"column":29},"end":{"line":67,"column":5}},"line":54},"6":{"name":"(anonymous_6)","decl":{"start":{"line":56,"column":30},"end":{"line":56,"column":31}},"loc":{"start":{"line":56,"column":40},"end":{"line":60,"column":9}},"line":56}},"branchMap":{"0":{"loc":{"start":{"line":30,"column":12},"end":{"line":32,"column":13}},"type":"if","locations":[{"start":{"line":30,"column":12},"end":{"line":32,"column":13}},{"start":{"line":30,"column":12},"end":{"line":32,"column":13}}],"line":30},"1":{"loc":{"start":{"line":34,"column":8},"end":{"line":39,"column":9}},"type":"if","locations":[{"start":{"line":34,"column":8},"end":{"line":39,"column":9}},{"start":{"line":34,"column":8},"end":{"line":39,"column":9}}],"line":34},"2":{"loc":{"start":{"line":57,"column":12},"end":{"line":59,"column":13}},"type":"if","locations":[{"start":{"line":57,"column":12},"end":{"line":59,"column":13}},{"start":{"line":57,"column":12},"end":{"line":59,"column":13}}],"line":57},"3":{"loc":{"start":{"line":61,"column":8},"end":{"line":66,"column":9}},"type":"if","locations":[{"start":{"line":61,"column":8},"end":{"line":66,"column":9}},{"start":{"line":61,"column":8},"end":{"line":66,"column":9}}],"line":61}},"s":{"0":1,"1":1,"2":1,"3":3,"4":1,"5":1,"6":3,"7":1,"8":1,"9":0,"10":1,"11":3,"12":2,"13":2,"14":6,"15":1,"16":2,"17":1,"18":1,"19":1},"f":{"0":1,"1":3,"2":1,"3":3,"4":3,"5":2,"6":6},"b":{"0":[1,2],"1":[0,1],"2":[1,5],"3":[1,1]},"inputSourceMap":{"version":3,"file":"/home/usuario/prct6/src/ejercicio-1/fighterdex.ts","sources":["/home/usuario/prct6/src/ejercicio-1/fighterdex.ts"],"names":[],"mappings":";;;AACA;;GAEG;AACH,MAAa,UAAU;IACrB;;;OAGG;IACH,YAAoB,QAAmB;QAAnB,aAAQ,GAAR,QAAQ,CAAW;IAAG,CAAC;IAAA,CAAC;IAC5C;;;OAGG;IACI,UAAU,CAAC,QAAiB;QACjC,IAAI,CAAC,QAAQ,CAAC,IAAI,CAAC,QAAQ,CAAC,CAAC;IAC/B,CAAC;IACD;;;OAGG;IACI,UAAU,CAAC,QAAiB;QACjC,IAAI,GAAG,GAAW,CAAC,CAAC,CAAC;QACrB,IAAI,CAAC,QAAQ,CAAC,OAAO,CAAC,CAAC,IAAI,EAAE,EAAE;YAC7B,IAAI,IAAI,KAAK,QAAQ,EAAE;gBACrB,GAAG,GAAG,IAAI,CAAC,QAAQ,CAAC,OAAO,CAAC,IAAI,CAAC,CAAC;aACnC;QACH,CAAC,CAAC,CAAC;QACH,IAAI,GAAG,IAAI,CAAC,CAAC,EAAE;YACb,OAAO,CAAC,GAAG,CAAC,4CAA4C,CAAC,CAAC;SAC3D;aAAM;YACL,IAAI,CAAC,QAAQ,CAAC,MAAM,CAAC,GAAG,EAAE,CAAC,CAAC,CAAC;SAC9B;IACH,CAAC;IAAA,CAAC;IACF;;;OAGG;IACI,cAAc;QACnB,OAAO,IAAI,CAAC,QAAQ,CAAC,MAAM,CAAC;IAC9B,CAAC;IACD;;;;OAIG;IACI,cAAc,CAAC,QAAiB;QACrC,IAAI,GAAG,GAAW,CAAC,CAAC,CAAC;QACrB,IAAI,CAAC,QAAQ,CAAC,OAAO,CAAC,CAAC,IAAI,EAAE,EAAE;YAC7B,IAAI,IAAI,KAAK,QAAQ,EAAE;gBACrB,GAAG,GAAG,IAAI,CAAC,QAAQ,CAAC,OAAO,CAAC,IAAI,CAAC,CAAC;aACnC;QACH,CAAC,CAAC,CAAC;QACH,IAAI,GAAG,IAAI,CAAC,CAAC,EAAE;YACb,OAAO,IAAI,CAAC;SACb;aAAM;YACL,OAAO,IAAI,CAAC,QAAQ,CAAC,GAAG,CAAC,CAAC;SAC3B;IACH,CAAC;CACF;AAvDD,gCAuDC;AAAA,CAAC","sourcesContent":["import {Fighter} from './fighter';\n/**\n * Clase que aloja una database con luchadores\n */\nexport class Fighterdex {\n  /**\n   * Constructor de la clase\n   * @param dataBase Array con los luchadores\n   */\n  constructor(private dataBase: Fighter[]) {};\n  /**\n   * Permite añadir luchadores\n   * @param luchador Luchador a añadir\n   */\n  public addFighter(luchador: Fighter) {\n    this.dataBase.push(luchador);\n  }\n  /**\n   * Permite eliminar luchador\n   * @param luchador Luchador a eliminar\n   */\n  public delFighter(luchador: Fighter) {\n    let pos: number = -1;\n    this.dataBase.forEach((iter) => {\n      if (iter === luchador) {\n        pos = this.dataBase.indexOf(iter);\n      }\n    });\n    if (pos == -1) {\n      console.log('Imposible eliminar. Luchador no encontrado');\n    } else {\n      this.dataBase.splice(pos, 1);\n    }\n  };\n  /**\n   * Tamaño de la base de datos\n   * @returns size database\n   */\n  public fighterdexSize(): number {\n    return this.dataBase.length;\n  }\n  /**\n   * Permite buscar un luchador\n   * @param luchador Luchador a buscar\n   * @returns Posicion en la database. Null is no es encontrado\n   */\n  public buscarLuchador(luchador: Fighter) {\n    let pos: number = -1;\n    this.dataBase.forEach((iter) => {\n      if (iter === luchador) {\n        pos = this.dataBase.indexOf(iter);\n      }\n    });\n    if (pos == -1) {\n      return null;\n    } else {\n      return this.dataBase[pos];\n    }\n  }\n};"]},"_coverageSchema":"1a1c01bbd47fc00a2c39e90264f33305004495a9","hash":"04e8fc4a706f9150ab0f2914d754e86ca32c66d2","contentHash":"ffb357b5b1b1fd312e65afb0790cbd4a1953e6dc21667931dd12d794329a6afa"},"/home/usuario/prct6/src/ejercicio-2/fuerza.ts":{"path":"/home/usuario/prct6/src/ejercicio-2/fuerza.ts","statementMap":{"0":{"start":{"line":2,"column":0},"end":{"line":2,"column":62}},"1":{"start":{"line":3,"column":0},"end":{"line":3,"column":24}},"2":{"start":{"line":6,"column":8},"end":{"line":6,"column":41}},"3":{"start":{"line":7,"column":8},"end":{"line":7,"column":39}},"4":{"start":{"line":8,"column":8},"end":{"line":9,"column":38}},"5":{"start":{"line":12,"column":8},"end":{"line":12,"column":32}},"6":{"start":{"line":15,"column":8},"end":{"line":15,"column":33}},"7":{"start":{"line":18,"column":22},"end":{"line":18,"column":77}},"8":{"start":{"line":18,"column":50},"end":{"line":18,"column":76}},"9":{"start":{"line":19,"column":22},"end":{"line":19,"column":76}},"10":{"start":{"line":19,"column":50},"end":{"line":19,"column":75}},"11":{"start":{"line":20,"column":8},"end":{"line":22,"column":9}},"12":{"start":{"line":21,"column":12},"end":{"line":21,"column":64}},"13":{"start":{"line":23,"column":24},"end":{"line":23,"column":66}},"14":{"start":{"line":24,"column":8},"end":{"line":24,"column":39}},"15":{"start":{"line":27,"column":0},"end":{"line":27,"column":24}},"16":{"start":{"line":28,"column":11},"end":{"line":28,"column":45}},"17":{"start":{"line":29,"column":0},"end":{"line":29,"column":32}}},"fnMap":{"0":{"name":"(anonymous_0)","decl":{"start":{"line":5,"column":4},"end":{"line":5,"column":5}},"loc":{"start":{"line":5,"column":43},"end":{"line":10,"column":5}},"line":5},"1":{"name":"(anonymous_1)","decl":{"start":{"line":11,"column":4},"end":{"line":11,"column":5}},"loc":{"start":{"line":11,"column":21},"end":{"line":13,"column":5}},"line":11},"2":{"name":"(anonymous_2)","decl":{"start":{"line":14,"column":4},"end":{"line":14,"column":5}},"loc":{"start":{"line":14,"column":22},"end":{"line":16,"column":5}},"line":14},"3":{"name":"(anonymous_3)","decl":{"start":{"line":17,"column":4},"end":{"line":17,"column":5}},"loc":{"start":{"line":17,"column":24},"end":{"line":25,"column":5}},"line":17},"4":{"name":"(anonymous_4)","decl":{"start":{"line":18,"column":43},"end":{"line":18,"column":44}},"loc":{"start":{"line":18,"column":50},"end":{"line":18,"column":76}},"line":18},"5":{"name":"(anonymous_5)","decl":{"start":{"line":19,"column":43},"end":{"line":19,"column":44}},"loc":{"start":{"line":19,"column":50},"end":{"line":19,"column":75}},"line":19}},"branchMap":{"0":{"loc":{"start":{"line":20,"column":8},"end":{"line":22,"column":9}},"type":"if","locations":[{"start":{"line":20,"column":8},"end":{"line":22,"column":9}},{"start":{"line":20,"column":8},"end":{"line":22,"column":9}}],"line":20},"1":{"loc":{"start":{"line":20,"column":12},"end":{"line":20,"column":58}},"type":"binary-expr","locations":[{"start":{"line":20,"column":13},"end":{"line":20,"column":32}},{"start":{"line":20,"column":38},"end":{"line":20,"column":57}}],"line":20}},"s":{"0":1,"1":1,"2":2,"3":2,"4":2,"5":0,"6":0,"7":2,"8":4,"9":2,"10":4,"11":2,"12":0,"13":2,"14":2,"15":1,"16":1,"17":1},"f":{"0":2,"1":0,"2":0,"3":2,"4":4,"5":4},"b":{"0":[0,2],"1":[2,2]},"inputSourceMap":{"version":3,"file":"/home/usuario/prct6/src/ejercicio-2/fuerza.ts","sources":["/home/usuario/prct6/src/ejercicio-2/fuerza.ts"],"names":[],"mappings":";;;AAEA,MAAa,MAAM;IAGjB,YAA6B,YAAoB,EAC5B,WAAmB;QADX,iBAAY,GAAZ,YAAY,CAAQ;QAC5B,gBAAW,GAAX,WAAW,CAAQ;QAHhC,aAAQ,GAAuB,CAAC,CAAC,QAAQ,EAAE,CAAC,CAAC;YACnD,CAAC,YAAY,EAAE,QAAQ,CAAC,CAAC,CAAC;IAEe,CAAC;IAC5C,cAAc;QACZ,OAAO,IAAI,CAAC,WAAW,CAAC;IAC1B,CAAC;IACD,eAAe;QACb,OAAO,IAAI,CAAC,YAAY,CAAC;IAC3B,CAAC;IACD,SAAS,CAAC,QAAgB;QACxB,IAAI,OAAO,GAAG,IAAI,CAAC,QAAQ,CAAC,MAAM,CAC9B,CAAC,CAAC,EAAE,EAAE,CAAC,CAAC,CAAC,CAAC,CAAC,KAAK,IAAI,CAAC,YAAY,CAAC,CAAC;QACvC,IAAI,OAAO,GAAG,IAAI,CAAC,QAAQ,CAAC,MAAM,CAC9B,CAAC,CAAC,EAAE,EAAE,CAAC,CAAC,CAAC,CAAC,CAAC,KAAK,IAAI,CAAC,WAAW,CAAC,CAAC;QACtC,IAAI,CAAC,OAAO,CAAC,MAAM,IAAI,CAAC,CAAC,IAAI,CAAC,OAAO,CAAC,MAAM,IAAI,CAAC,CAAC,EAAE;YAClD,MAAM,IAAI,KAAK,CAAC,kCAAkC,CAAC,CAAC;SACrD;QACD,IAAI,SAAS,GAAG,QAAQ,GAAG,CAAC,OAAO,CAAC,CAAC,CAAC,CAAC,CAAC,CAAC,GAAC,OAAO,CAAC,CAAC,CAAC,CAAC,CAAC,CAAC,CAAC,CAAC;QACzD,OAAO,CAAC,CAAC,SAAS,CAAC,OAAO,CAAC,CAAC,CAAC,CAAC,CAAC;IACjC,CAAC;CACF;AAtBD,wBAsBC;AACA,IAAI,IAAI,GAAG,IAAI,MAAM,CAAC,YAAY,EAAE,QAAQ,CAAC,CAAC;AAC9C,OAAO,CAAC,GAAG,CAAC,IAAI,CAAC,SAAS,CAAC,EAAE,CAAC,CAAC,CAAC","sourcesContent":["import {isConvertible} from './isconvertible';\n\nexport class Fuerza implements isConvertible<number> {\n  private unidades: [string, number][] = [['newton', 1],\n    ['kilopondio', 0.101972]];\n  constructor(private readonly unidadInicio: string,\n      private readonly unidadFinal: string) {}\n  getUnidadFinal() {\n    return this.unidadFinal;\n  }\n  getUnidadInicio() {\n    return this.unidadInicio;\n  }\n  convertir(cantidad: number): number {\n    let unidad1 = this.unidades.filter(\n        (x) => x[0] === this.unidadInicio);\n    let unidad2 = this.unidades.filter(\n        (x) => x[0] === this.unidadFinal);\n    if ((unidad1.length != 1) || (unidad2.length != 1)) {\n      throw new Error('Error detectado con las unidades');\n    }\n    let resultado = cantidad * (unidad2[0][1]/unidad1[0][1]);\n    return +(resultado.toFixed(4));\n  }\n}\n let test = new Fuerza('kilopondio', 'newton');\n console.log(test.convertir(10));"]},"_coverageSchema":"1a1c01bbd47fc00a2c39e90264f33305004495a9","hash":"d6815afc8f7f937cd2cadd806933106d6e803a36","contentHash":"a7030069652365355a2f2c0a551a313edeb30adf2bd95f843ac1f4b263d0ec07"},"/home/usuario/prct6/src/ejercicio-2/volumen.ts":{"path":"/home/usuario/prct6/src/ejercicio-2/volumen.ts","statementMap":{"0":{"start":{"line":2,"column":0},"end":{"line":2,"column":62}},"1":{"start":{"line":3,"column":0},"end":{"line":3,"column":25}},"2":{"start":{"line":6,"column":8},"end":{"line":6,"column":41}},"3":{"start":{"line":7,"column":8},"end":{"line":7,"column":39}},"4":{"start":{"line":8,"column":8},"end":{"line":9,"column":64}},"5":{"start":{"line":12,"column":8},"end":{"line":12,"column":32}},"6":{"start":{"line":15,"column":8},"end":{"line":15,"column":33}},"7":{"start":{"line":18,"column":22},"end":{"line":18,"column":77}},"8":{"start":{"line":18,"column":50},"end":{"line":18,"column":76}},"9":{"start":{"line":19,"column":22},"end":{"line":19,"column":76}},"10":{"start":{"line":19,"column":50},"end":{"line":19,"column":75}},"11":{"start":{"line":20,"column":8},"end":{"line":22,"column":9}},"12":{"start":{"line":21,"column":12},"end":{"line":21,"column":64}},"13":{"start":{"line":23,"column":24},"end":{"line":23,"column":66}},"14":{"start":{"line":24,"column":8},"end":{"line":24,"column":39}},"15":{"start":{"line":27,"column":0},"end":{"line":27,"column":26}},"16":{"start":{"line":28,"column":11},"end":{"line":28,"column":45}},"17":{"start":{"line":29,"column":0},"end":{"line":29,"column":32}}},"fnMap":{"0":{"name":"(anonymous_0)","decl":{"start":{"line":5,"column":4},"end":{"line":5,"column":5}},"loc":{"start":{"line":5,"column":43},"end":{"line":10,"column":5}},"line":5},"1":{"name":"(anonymous_1)","decl":{"start":{"line":11,"column":4},"end":{"line":11,"column":5}},"loc":{"start":{"line":11,"column":21},"end":{"line":13,"column":5}},"line":11},"2":{"name":"(anonymous_2)","decl":{"start":{"line":14,"column":4},"end":{"line":14,"column":5}},"loc":{"start":{"line":14,"column":22},"end":{"line":16,"column":5}},"line":14},"3":{"name":"(anonymous_3)","decl":{"start":{"line":17,"column":4},"end":{"line":17,"column":5}},"loc":{"start":{"line":17,"column":24},"end":{"line":25,"column":5}},"line":17},"4":{"name":"(anonymous_4)","decl":{"start":{"line":18,"column":43},"end":{"line":18,"column":44}},"loc":{"start":{"line":18,"column":50},"end":{"line":18,"column":76}},"line":18},"5":{"name":"(anonymous_5)","decl":{"start":{"line":19,"column":43},"end":{"line":19,"column":44}},"loc":{"start":{"line":19,"column":50},"end":{"line":19,"column":75}},"line":19}},"branchMap":{"0":{"loc":{"start":{"line":20,"column":8},"end":{"line":22,"column":9}},"type":"if","locations":[{"start":{"line":20,"column":8},"end":{"line":22,"column":9}},{"start":{"line":20,"column":8},"end":{"line":22,"column":9}}],"line":20},"1":{"loc":{"start":{"line":20,"column":12},"end":{"line":20,"column":58}},"type":"binary-expr","locations":[{"start":{"line":20,"column":13},"end":{"line":20,"column":32}},{"start":{"line":20,"column":38},"end":{"line":20,"column":57}}],"line":20}},"s":{"0":1,"1":1,"2":2,"3":2,"4":2,"5":0,"6":0,"7":2,"8":6,"9":2,"10":6,"11":2,"12":0,"13":2,"14":2,"15":1,"16":1,"17":1},"f":{"0":2,"1":0,"2":0,"3":2,"4":6,"5":6},"b":{"0":[0,2],"1":[2,2]},"inputSourceMap":{"version":3,"file":"/home/usuario/prct6/src/ejercicio-2/volumen.ts","sources":["/home/usuario/prct6/src/ejercicio-2/volumen.ts"],"names":[],"mappings":";;;AAEA,MAAa,OAAO;IAGlB,YAA6B,YAAoB,EAC5B,WAAmB;QADX,iBAAY,GAAZ,YAAY,CAAQ;QAC5B,gBAAW,GAAX,WAAW,CAAQ;QAHhC,aAAQ,GAAuB,CAAC,CAAC,OAAO,EAAE,CAAC,CAAC;YAClD,CAAC,cAAc,EAAE,KAAK,CAAC,EAAE,CAAC,YAAY,EAAE,SAAS,CAAC,CAAC,CAAC;IAEX,CAAC;IAC5C,cAAc;QACZ,OAAO,IAAI,CAAC,WAAW,CAAC;IAC1B,CAAC;IACD,eAAe;QACb,OAAO,IAAI,CAAC,YAAY,CAAC;IAC3B,CAAC;IACD,SAAS,CAAC,QAAgB;QACxB,IAAI,OAAO,GAAG,IAAI,CAAC,QAAQ,CAAC,MAAM,CAC9B,CAAC,CAAC,EAAE,EAAE,CAAC,CAAC,CAAC,CAAC,CAAC,KAAK,IAAI,CAAC,YAAY,CAAC,CAAC;QACvC,IAAI,OAAO,GAAG,IAAI,CAAC,QAAQ,CAAC,MAAM,CAC9B,CAAC,CAAC,EAAE,EAAE,CAAC,CAAC,CAAC,CAAC,CAAC,KAAK,IAAI,CAAC,WAAW,CAAC,CAAC;QACtC,IAAI,CAAC,OAAO,CAAC,MAAM,IAAI,CAAC,CAAC,IAAI,CAAC,OAAO,CAAC,MAAM,IAAI,CAAC,CAAC,EAAE;YAClD,MAAM,IAAI,KAAK,CAAC,kCAAkC,CAAC,CAAC;SACrD;QACD,IAAI,SAAS,GAAG,QAAQ,GAAG,CAAC,OAAO,CAAC,CAAC,CAAC,CAAC,CAAC,CAAC,GAAC,OAAO,CAAC,CAAC,CAAC,CAAC,CAAC,CAAC,CAAC,CAAC;QACzD,OAAO,CAAC,CAAC,SAAS,CAAC,OAAO,CAAC,CAAC,CAAC,CAAC,CAAC;IACjC,CAAC;CACF;AAtBD,0BAsBC;AACA,IAAI,IAAI,GAAG,IAAI,OAAO,CAAC,YAAY,EAAE,OAAO,CAAC,CAAC;AAC9C,OAAO,CAAC,GAAG,CAAC,IAAI,CAAC,SAAS,CAAC,EAAE,CAAC,CAAC,CAAC","sourcesContent":["import {isConvertible} from './isconvertible';\n\nexport class Volumen implements isConvertible<number> {\n  private unidades: [string, number][] = [['litro', 1],\n    ['metro cubico', 0.001], ['pie cubico', 0.0353147]];\n  constructor(private readonly unidadInicio: string,\n      private readonly unidadFinal: string) {}\n  getUnidadFinal() {\n    return this.unidadFinal;\n  }\n  getUnidadInicio() {\n    return this.unidadInicio;\n  }\n  convertir(cantidad: number): number {\n    let unidad1 = this.unidades.filter(\n        (x) => x[0] === this.unidadInicio);\n    let unidad2 = this.unidades.filter(\n        (x) => x[0] === this.unidadFinal);\n    if ((unidad1.length != 1) || (unidad2.length != 1)) {\n      throw new Error('Error detectado con las unidades');\n    }\n    let resultado = cantidad * (unidad2[0][1]/unidad1[0][1]);\n    return +(resultado.toFixed(4));\n  }\n}\n let test = new Volumen('pie cubico', 'litro');\n console.log(test.convertir(10));"]},"_coverageSchema":"1a1c01bbd47fc00a2c39e90264f33305004495a9","hash":"cce461666e741fd29522a797bb1fd034080c1bb3","contentHash":"1bf8936d0978cf21bd87ddd42618c317a53256eb5cd31604199e5eb30dada17b"},"/home/usuario/prct6/src/ejercicio-2/masa.ts":{"path":"/home/usuario/prct6/src/ejercicio-2/masa.ts","statementMap":{"0":{"start":{"line":2,"column":0},"end":{"line":2,"column":62}},"1":{"start":{"line":3,"column":0},"end":{"line":3,"column":22}},"2":{"start":{"line":6,"column":8},"end":{"line":6,"column":41}},"3":{"start":{"line":7,"column":8},"end":{"line":7,"column":39}},"4":{"start":{"line":8,"column":8},"end":{"line":10,"column":32}},"5":{"start":{"line":13,"column":8},"end":{"line":13,"column":32}},"6":{"start":{"line":16,"column":8},"end":{"line":16,"column":33}},"7":{"start":{"line":19,"column":22},"end":{"line":19,"column":77}},"8":{"start":{"line":19,"column":50},"end":{"line":19,"column":76}},"9":{"start":{"line":20,"column":22},"end":{"line":20,"column":76}},"10":{"start":{"line":20,"column":50},"end":{"line":20,"column":75}},"11":{"start":{"line":21,"column":8},"end":{"line":23,"column":9}},"12":{"start":{"line":22,"column":12},"end":{"line":22,"column":64}},"13":{"start":{"line":24,"column":24},"end":{"line":24,"column":66}},"14":{"start":{"line":25,"column":8},"end":{"line":25,"column":39}},"15":{"start":{"line":28,"column":0},"end":{"line":28,"column":20}},"16":{"start":{"line":29,"column":11},"end":{"line":29,"column":36}},"17":{"start":{"line":30,"column":0},"end":{"line":30,"column":32}}},"fnMap":{"0":{"name":"(anonymous_0)","decl":{"start":{"line":5,"column":4},"end":{"line":5,"column":5}},"loc":{"start":{"line":5,"column":43},"end":{"line":11,"column":5}},"line":5},"1":{"name":"(anonymous_1)","decl":{"start":{"line":12,"column":4},"end":{"line":12,"column":5}},"loc":{"start":{"line":12,"column":21},"end":{"line":14,"column":5}},"line":12},"2":{"name":"(anonymous_2)","decl":{"start":{"line":15,"column":4},"end":{"line":15,"column":5}},"loc":{"start":{"line":15,"column":22},"end":{"line":17,"column":5}},"line":15},"3":{"name":"(anonymous_3)","decl":{"start":{"line":18,"column":4},"end":{"line":18,"column":5}},"loc":{"start":{"line":18,"column":24},"end":{"line":26,"column":5}},"line":18},"4":{"name":"(anonymous_4)","decl":{"start":{"line":19,"column":43},"end":{"line":19,"column":44}},"loc":{"start":{"line":19,"column":50},"end":{"line":19,"column":76}},"line":19},"5":{"name":"(anonymous_5)","decl":{"start":{"line":20,"column":43},"end":{"line":20,"column":44}},"loc":{"start":{"line":20,"column":50},"end":{"line":20,"column":75}},"line":20}},"branchMap":{"0":{"loc":{"start":{"line":21,"column":8},"end":{"line":23,"column":9}},"type":"if","locations":[{"start":{"line":21,"column":8},"end":{"line":23,"column":9}},{"start":{"line":21,"column":8},"end":{"line":23,"column":9}}],"line":21},"1":{"loc":{"start":{"line":21,"column":12},"end":{"line":21,"column":58}},"type":"binary-expr","locations":[{"start":{"line":21,"column":13},"end":{"line":21,"column":32}},{"start":{"line":21,"column":38},"end":{"line":21,"column":57}}],"line":21}},"s":{"0":1,"1":1,"2":2,"3":2,"4":2,"5":0,"6":0,"7":2,"8":8,"9":2,"10":8,"11":2,"12":0,"13":2,"14":2,"15":1,"16":1,"17":1},"f":{"0":2,"1":0,"2":0,"3":2,"4":8,"5":8},"b":{"0":[0,2],"1":[2,2]},"inputSourceMap":{"version":3,"file":"/home/usuario/prct6/src/ejercicio-2/masa.ts","sources":["/home/usuario/prct6/src/ejercicio-2/masa.ts"],"names":[],"mappings":";;;AAEA,MAAa,IAAI;IAIf,YAA6B,YAAoB,EAC5B,WAAmB;QADX,iBAAY,GAAZ,YAAY,CAAQ;QAC5B,gBAAW,GAAX,WAAW,CAAQ;QAJhC,aAAQ,GAAuB,CAAC,CAAC,QAAQ,EAAE,CAAC,CAAC;YACnD,CAAC,YAAY,EAAE,KAAK,CAAC,EAAE,CAAC,OAAO,EAAE,UAAU,CAAC;YAC5C,CAAC,MAAM,EAAE,QAAQ,CAAC,CAAC,CAAC;IAEqB,CAAC;IAC5C,cAAc;QACZ,OAAO,IAAI,CAAC,WAAW,CAAC;IAC1B,CAAC;IACD,eAAe;QACb,OAAO,IAAI,CAAC,YAAY,CAAC;IAC3B,CAAC;IACD,SAAS,CAAC,QAAgB;QACxB,IAAI,OAAO,GAAG,IAAI,CAAC,QAAQ,CAAC,MAAM,CAC9B,CAAC,CAAC,EAAE,EAAE,CAAC,CAAC,CAAC,CAAC,CAAC,KAAK,IAAI,CAAC,YAAY,CAAC,CAAC;QACvC,IAAI,OAAO,GAAG,IAAI,CAAC,QAAQ,CAAC,MAAM,CAC9B,CAAC,CAAC,EAAE,EAAE,CAAC,CAAC,CAAC,CAAC,CAAC,KAAK,IAAI,CAAC,WAAW,CAAC,CAAC;QACtC,IAAI,CAAC,OAAO,CAAC,MAAM,IAAI,CAAC,CAAC,IAAI,CAAC,OAAO,CAAC,MAAM,IAAI,CAAC,CAAC,EAAE;YAClD,MAAM,IAAI,KAAK,CAAC,kCAAkC,CAAC,CAAC;SACrD;QACD,IAAI,SAAS,GAAG,QAAQ,GAAG,CAAC,OAAO,CAAC,CAAC,CAAC,CAAC,CAAC,CAAC,GAAC,OAAO,CAAC,CAAC,CAAC,CAAC,CAAC,CAAC,CAAC,CAAC;QACzD,OAAO,CAAC,CAAC,SAAS,CAAC,OAAO,CAAC,CAAC,CAAC,CAAC,CAAC;IACjC,CAAC;CACF;AAvBD,oBAuBC;AACA,IAAI,IAAI,GAAG,IAAI,IAAI,CAAC,OAAO,EAAE,MAAM,CAAC,CAAC;AACrC,OAAO,CAAC,GAAG,CAAC,IAAI,CAAC,SAAS,CAAC,EAAE,CAAC,CAAC,CAAC","sourcesContent":["import {isConvertible} from './isconvertible';\n\nexport class Masa implements isConvertible<number> {\n  private unidades: [string, number][] = [['gramos', 1],\n    ['kilogramos', 0.001], ['libra', 0.00220462],\n    ['onza', 0.035274]];\n  constructor(private readonly unidadInicio: string,\n      private readonly unidadFinal: string) {}\n  getUnidadFinal() {\n    return this.unidadFinal;\n  }\n  getUnidadInicio() {\n    return this.unidadInicio;\n  }\n  convertir(cantidad: number): number {\n    let unidad1 = this.unidades.filter(\n        (x) => x[0] === this.unidadInicio);\n    let unidad2 = this.unidades.filter(\n        (x) => x[0] === this.unidadFinal);\n    if ((unidad1.length != 1) || (unidad2.length != 1)) {\n      throw new Error('Error detectado con las unidades');\n    }\n    let resultado = cantidad * (unidad2[0][1]/unidad1[0][1]);\n    return +(resultado.toFixed(4));\n  }\n}\n let test = new Masa('libra', 'onza');\n console.log(test.convertir(10));"]},"_coverageSchema":"1a1c01bbd47fc00a2c39e90264f33305004495a9","hash":"b240cdf2b185c1a741dd51f65f5588a6e9088080","contentHash":"d48a413a0c69828f645ee0a4da17e267c4b1efa8cecc87c11e54a1ad8b4ffbc4"},"/home/usuario/prct6/src/ejercicio-2/temperatura.ts":{"path":"/home/usuario/prct6/src/ejercicio-2/temperatura.ts","statementMap":{"0":{"start":{"line":2,"column":0},"end":{"line":2,"column":62}},"1":{"start":{"line":3,"column":0},"end":{"line":3,"column":29}},"2":{"start":{"line":6,"column":8},"end":{"line":6,"column":41}},"3":{"start":{"line":7,"column":8},"end":{"line":7,"column":39}},"4":{"start":{"line":8,"column":8},"end":{"line":8,"column":61}},"5":{"start":{"line":11,"column":8},"end":{"line":11,"column":32}},"6":{"start":{"line":14,"column":8},"end":{"line":14,"column":33}},"7":{"start":{"line":17,"column":22},"end":{"line":17,"column":77}},"8":{"start":{"line":17,"column":50},"end":{"line":17,"column":76}},"9":{"start":{"line":18,"column":22},"end":{"line":18,"column":76}},"10":{"start":{"line":18,"column":50},"end":{"line":18,"column":75}},"11":{"start":{"line":19,"column":24},"end":{"line":19,"column":25}},"12":{"start":{"line":20,"column":8},"end":{"line":30,"column":9}},"13":{"start":{"line":21,"column":12},"end":{"line":21,"column":64}},"14":{"start":{"line":24,"column":12},"end":{"line":29,"column":13}},"15":{"start":{"line":25,"column":16},"end":{"line":25,"column":53}},"16":{"start":{"line":28,"column":16},"end":{"line":28,"column":53}},"17":{"start":{"line":31,"column":8},"end":{"line":31,"column":39}},"18":{"start":{"line":34,"column":0},"end":{"line":34,"column":34}},"19":{"start":{"line":35,"column":11},"end":{"line":35,"column":47}},"20":{"start":{"line":36,"column":0},"end":{"line":36,"column":32}}},"fnMap":{"0":{"name":"(anonymous_0)","decl":{"start":{"line":5,"column":4},"end":{"line":5,"column":5}},"loc":{"start":{"line":5,"column":43},"end":{"line":9,"column":5}},"line":5},"1":{"name":"(anonymous_1)","decl":{"start":{"line":10,"column":4},"end":{"line":10,"column":5}},"loc":{"start":{"line":10,"column":21},"end":{"line":12,"column":5}},"line":10},"2":{"name":"(anonymous_2)","decl":{"start":{"line":13,"column":4},"end":{"line":13,"column":5}},"loc":{"start":{"line":13,"column":22},"end":{"line":15,"column":5}},"line":13},"3":{"name":"(anonymous_3)","decl":{"start":{"line":16,"column":4},"end":{"line":16,"column":5}},"loc":{"start":{"line":16,"column":24},"end":{"line":32,"column":5}},"line":16},"4":{"name":"(anonymous_4)","decl":{"start":{"line":17,"column":43},"end":{"line":17,"column":44}},"loc":{"start":{"line":17,"column":50},"end":{"line":17,"column":76}},"line":17},"5":{"name":"(anonymous_5)","decl":{"start":{"line":18,"column":43},"end":{"line":18,"column":44}},"loc":{"start":{"line":18,"column":50},"end":{"line":18,"column":75}},"line":18}},"branchMap":{"0":{"loc":{"start":{"line":20,"column":8},"end":{"line":30,"column":9}},"type":"if","locations":[{"start":{"line":20,"column":8},"end":{"line":30,"column":9}},{"start":{"line":20,"column":8},"end":{"line":30,"column":9}}],"line":20},"1":{"loc":{"start":{"line":20,"column":12},"end":{"line":20,"column":58}},"type":"binary-expr","locations":[{"start":{"line":20,"column":13},"end":{"line":20,"column":32}},{"start":{"line":20,"column":38},"end":{"line":20,"column":57}}],"line":20},"2":{"loc":{"start":{"line":24,"column":12},"end":{"line":29,"column":13}},"type":"if","locations":[{"start":{"line":24,"column":12},"end":{"line":29,"column":13}},{"start":{"line":24,"column":12},"end":{"line":29,"column":13}}],"line":24},"3":{"loc":{"start":{"line":24,"column":16},"end":{"line":24,"column":75}},"type":"binary-expr","locations":[{"start":{"line":24,"column":17},"end":{"line":24,"column":43}},{"start":{"line":24,"column":49},"end":{"line":24,"column":74}}],"line":24}},"s":{"0":1,"1":1,"2":2,"3":2,"4":2,"5":0,"6":0,"7":2,"8":4,"9":2,"10":4,"11":2,"12":2,"13":0,"14":2,"15":1,"16":1,"17":2,"18":1,"19":1,"20":1},"f":{"0":2,"1":0,"2":0,"3":2,"4":4,"5":4},"b":{"0":[0,2],"1":[2,2],"2":[1,1],"3":[2,1]},"inputSourceMap":{"version":3,"file":"/home/usuario/prct6/src/ejercicio-2/temperatura.ts","sources":["/home/usuario/prct6/src/ejercicio-2/temperatura.ts"],"names":[],"mappings":";;;AAEA,MAAa,WAAW;IAEtB,YAA6B,YAAoB,EAC5B,WAAmB;QADX,iBAAY,GAAZ,YAAY,CAAQ;QAC5B,gBAAW,GAAX,WAAW,CAAQ;QAFhC,aAAQ,GAAuB,CAAC,CAAC,SAAS,EAAE,CAAC,CAAC,EAAE,CAAC,QAAQ,EAAE,MAAM,CAAC,CAAC,CAAC;IAEjC,CAAC;IAC5C,cAAc;QACZ,OAAO,IAAI,CAAC,WAAW,CAAC;IAC1B,CAAC;IACD,eAAe;QACb,OAAO,IAAI,CAAC,YAAY,CAAC;IAC3B,CAAC;IACD,SAAS,CAAC,QAAgB;QACxB,IAAI,OAAO,GAAG,IAAI,CAAC,QAAQ,CAAC,MAAM,CAC9B,CAAC,CAAC,EAAE,EAAE,CAAC,CAAC,CAAC,CAAC,CAAC,KAAK,IAAI,CAAC,YAAY,CAAC,CAAC;QACvC,IAAI,OAAO,GAAG,IAAI,CAAC,QAAQ,CAAC,MAAM,CAC9B,CAAC,CAAC,EAAE,EAAE,CAAC,CAAC,CAAC,CAAC,CAAC,KAAK,IAAI,CAAC,WAAW,CAAC,CAAC;QACtC,IAAI,SAAS,GAAW,CAAC,CAAC;QAC1B,IAAI,CAAC,OAAO,CAAC,MAAM,IAAI,CAAC,CAAC,IAAI,CAAC,OAAO,CAAC,MAAM,IAAI,CAAC,CAAC,EAAE;YAClD,MAAM,IAAI,KAAK,CAAC,kCAAkC,CAAC,CAAC;SACrD;aAAM;YACL,IAAG,CAAC,OAAO,CAAC,CAAC,CAAC,CAAC,CAAC,CAAC,IAAI,SAAS,CAAC,IAAI,CAAC,OAAO,CAAC,CAAC,CAAC,CAAC,CAAC,CAAC,IAAI,QAAQ,CAAC,EAAE;gBAC9D,SAAS,GAAG,QAAQ,GAAG,OAAO,CAAC,CAAC,CAAC,CAAC,CAAC,CAAC,CAAC;aACtC;iBAAM;gBACL,SAAS,GAAG,QAAQ,GAAG,OAAO,CAAC,CAAC,CAAC,CAAC,CAAC,CAAC,CAAC;aACtC;SACF;QACD,OAAO,CAAC,CAAC,SAAS,CAAC,OAAO,CAAC,CAAC,CAAC,CAAC,CAAC;IACjC,CAAC;CACF;AA3BD,kCA2BC;AACA,IAAI,IAAI,GAAG,IAAI,WAAW,CAAC,QAAQ,EAAE,SAAS,CAAC,CAAC;AAChD,OAAO,CAAC,GAAG,CAAC,IAAI,CAAC,SAAS,CAAC,EAAE,CAAC,CAAC,CAAC","sourcesContent":["import {isConvertible} from './isconvertible';\n\nexport class Temperatura implements isConvertible<number> {\n  private unidades: [string, number][] = [['celcius', 0], ['kelvin', 273.15]];\n  constructor(private readonly unidadInicio: string,\n      private readonly unidadFinal: string) {}\n  getUnidadFinal() {\n    return this.unidadFinal;\n  }\n  getUnidadInicio() {\n    return this.unidadInicio;\n  }\n  convertir(cantidad: number): number {\n    let unidad1 = this.unidades.filter(\n        (x) => x[0] === this.unidadInicio);\n    let unidad2 = this.unidades.filter(\n        (x) => x[0] === this.unidadFinal);\n    let resultado: number = 0;\n    if ((unidad1.length != 1) || (unidad2.length != 1)) {\n      throw new Error('Error detectado con las unidades');\n    } else {\n      if((unidad1[0][0] == 'celcius') && (unidad2[0][0] == 'kelvin')) {\n        resultado = cantidad + unidad2[0][1];\n      } else {\n        resultado = cantidad - unidad1[0][1];\n      }\n    }\n    return +(resultado.toFixed(4));\n  }\n}\n let test = new Temperatura('kelvin', 'celcius');\n console.log(test.convertir(10));"]},"_coverageSchema":"1a1c01bbd47fc00a2c39e90264f33305004495a9","hash":"90edef03525861eba302e00602c87a33207025c4","contentHash":"be652a7eef96582cafebc6ef971a6b49faa491e79ecf3dba97dca3ee876a8a7a"},"/home/usuario/prct6/src/ejercicio-2/longitud.ts":{"path":"/home/usuario/prct6/src/ejercicio-2/longitud.ts","statementMap":{"0":{"start":{"line":2,"column":0},"end":{"line":2,"column":62}},"1":{"start":{"line":3,"column":0},"end":{"line":3,"column":26}},"2":{"start":{"line":6,"column":8},"end":{"line":6,"column":41}},"3":{"start":{"line":7,"column":8},"end":{"line":7,"column":39}},"4":{"start":{"line":8,"column":8},"end":{"line":9,"column":59}},"5":{"start":{"line":12,"column":8},"end":{"line":12,"column":32}},"6":{"start":{"line":15,"column":8},"end":{"line":15,"column":33}},"7":{"start":{"line":18,"column":22},"end":{"line":18,"column":77}},"8":{"start":{"line":18,"column":50},"end":{"line":18,"column":76}},"9":{"start":{"line":19,"column":22},"end":{"line":19,"column":76}},"10":{"start":{"line":19,"column":50},"end":{"line":19,"column":75}},"11":{"start":{"line":20,"column":8},"end":{"line":22,"column":9}},"12":{"start":{"line":21,"column":12},"end":{"line":21,"column":64}},"13":{"start":{"line":23,"column":24},"end":{"line":23,"column":66}},"14":{"start":{"line":24,"column":8},"end":{"line":24,"column":39}},"15":{"start":{"line":27,"column":0},"end":{"line":27,"column":28}}},"fnMap":{"0":{"name":"(anonymous_0)","decl":{"start":{"line":5,"column":4},"end":{"line":5,"column":5}},"loc":{"start":{"line":5,"column":43},"end":{"line":10,"column":5}},"line":5},"1":{"name":"(anonymous_1)","decl":{"start":{"line":11,"column":4},"end":{"line":11,"column":5}},"loc":{"start":{"line":11,"column":21},"end":{"line":13,"column":5}},"line":11},"2":{"name":"(anonymous_2)","decl":{"start":{"line":14,"column":4},"end":{"line":14,"column":5}},"loc":{"start":{"line":14,"column":22},"end":{"line":16,"column":5}},"line":14},"3":{"name":"(anonymous_3)","decl":{"start":{"line":17,"column":4},"end":{"line":17,"column":5}},"loc":{"start":{"line":17,"column":24},"end":{"line":25,"column":5}},"line":17},"4":{"name":"(anonymous_4)","decl":{"start":{"line":18,"column":43},"end":{"line":18,"column":44}},"loc":{"start":{"line":18,"column":50},"end":{"line":18,"column":76}},"line":18},"5":{"name":"(anonymous_5)","decl":{"start":{"line":19,"column":43},"end":{"line":19,"column":44}},"loc":{"start":{"line":19,"column":50},"end":{"line":19,"column":75}},"line":19}},"branchMap":{"0":{"loc":{"start":{"line":20,"column":8},"end":{"line":22,"column":9}},"type":"if","locations":[{"start":{"line":20,"column":8},"end":{"line":22,"column":9}},{"start":{"line":20,"column":8},"end":{"line":22,"column":9}}],"line":20},"1":{"loc":{"start":{"line":20,"column":12},"end":{"line":20,"column":58}},"type":"binary-expr","locations":[{"start":{"line":20,"column":13},"end":{"line":20,"column":32}},{"start":{"line":20,"column":38},"end":{"line":20,"column":57}}],"line":20}},"s":{"0":1,"1":1,"2":1,"3":1,"4":1,"5":0,"6":0,"7":1,"8":3,"9":1,"10":3,"11":1,"12":0,"13":1,"14":1,"15":1},"f":{"0":1,"1":0,"2":0,"3":1,"4":3,"5":3},"b":{"0":[0,1],"1":[1,1]},"inputSourceMap":{"version":3,"file":"/home/usuario/prct6/src/ejercicio-2/longitud.ts","sources":["/home/usuario/prct6/src/ejercicio-2/longitud.ts"],"names":[],"mappings":";;;AAEA,MAAa,QAAQ;IAGnB,YAA6B,YAAoB,EAC5B,WAAmB;QADX,iBAAY,GAAZ,YAAY,CAAQ;QAC5B,gBAAW,GAAX,WAAW,CAAQ;QAHhC,aAAQ,GAAuB,CAAC,CAAC,QAAQ,EAAE,CAAC,CAAC;YACnD,CAAC,QAAQ,EAAE,cAAc,CAAC,EAAE,CAAC,MAAM,EAAE,OAAO,CAAC,CAAC,CAAC;IAEN,CAAC;IAC5C,cAAc;QACZ,OAAO,IAAI,CAAC,WAAW,CAAC;IAC1B,CAAC;IACD,eAAe;QACb,OAAO,IAAI,CAAC,YAAY,CAAC;IAC3B,CAAC;IACD,SAAS,CAAC,QAAgB;QACxB,IAAI,OAAO,GAAG,IAAI,CAAC,QAAQ,CAAC,MAAM,CAC9B,CAAC,CAAC,EAAE,EAAE,CAAC,CAAC,CAAC,CAAC,CAAC,KAAK,IAAI,CAAC,YAAY,CAAC,CAAC;QACvC,IAAI,OAAO,GAAG,IAAI,CAAC,QAAQ,CAAC,MAAM,CAC9B,CAAC,CAAC,EAAE,EAAE,CAAC,CAAC,CAAC,CAAC,CAAC,KAAK,IAAI,CAAC,WAAW,CAAC,CAAC;QACtC,IAAI,CAAC,OAAO,CAAC,MAAM,IAAI,CAAC,CAAC,IAAI,CAAC,OAAO,CAAC,MAAM,IAAI,CAAC,CAAC,EAAE;YAClD,MAAM,IAAI,KAAK,CAAC,kCAAkC,CAAC,CAAC;SACrD;QACD,IAAI,SAAS,GAAG,QAAQ,GAAG,CAAC,OAAO,CAAC,CAAC,CAAC,CAAC,CAAC,CAAC,GAAC,OAAO,CAAC,CAAC,CAAC,CAAC,CAAC,CAAC,CAAC,CAAC;QACzD,OAAO,CAAC,CAAC,SAAS,CAAC,OAAO,CAAC,CAAC,CAAC,CAAC,CAAC;IACjC,CAAC;CACF;AAtBD,4BAsBC","sourcesContent":["import {isConvertible} from './isconvertible';\n\nexport class Longitud implements isConvertible<number> {\n  private unidades: [string, number][] = [['metros', 1],\n    ['millas', 0.000621371192], ['pies', 3.28084]];\n  constructor(private readonly unidadInicio: string,\n      private readonly unidadFinal: string) {}\n  getUnidadFinal() {\n    return this.unidadFinal;\n  }\n  getUnidadInicio() {\n    return this.unidadInicio;\n  }\n  convertir(cantidad: number): number {\n    let unidad1 = this.unidades.filter(\n        (x) => x[0] === this.unidadInicio);\n    let unidad2 = this.unidades.filter(\n        (x) => x[0] === this.unidadFinal);\n    if ((unidad1.length != 1) || (unidad2.length != 1)) {\n      throw new Error('Error detectado con las unidades');\n    }\n    let resultado = cantidad * (unidad2[0][1]/unidad1[0][1]);\n    return +(resultado.toFixed(4));\n  }\n}"]},"_coverageSchema":"1a1c01bbd47fc00a2c39e90264f33305004495a9","hash":"36083ac8ea171451c451850a951a5aa848550e91","contentHash":"2616306d8b3d6aeb16a554c5d7bddbc288409f15efeed5d4273c050615d82c8d"},"/home/usuario/prct6/src/ejercicio-2/velocidad.ts":{"path":"/home/usuario/prct6/src/ejercicio-2/velocidad.ts","statementMap":{"0":{"start":{"line":2,"column":0},"end":{"line":2,"column":62}},"1":{"start":{"line":3,"column":0},"end":{"line":3,"column":27}},"2":{"start":{"line":6,"column":8},"end":{"line":6,"column":41}},"3":{"start":{"line":7,"column":8},"end":{"line":7,"column":39}},"4":{"start":{"line":8,"column":8},"end":{"line":10,"column":31}},"5":{"start":{"line":13,"column":8},"end":{"line":13,"column":32}},"6":{"start":{"line":16,"column":8},"end":{"line":16,"column":33}},"7":{"start":{"line":19,"column":22},"end":{"line":19,"column":77}},"8":{"start":{"line":19,"column":50},"end":{"line":19,"column":76}},"9":{"start":{"line":20,"column":22},"end":{"line":20,"column":76}},"10":{"start":{"line":20,"column":50},"end":{"line":20,"column":75}},"11":{"start":{"line":21,"column":8},"end":{"line":23,"column":9}},"12":{"start":{"line":22,"column":12},"end":{"line":22,"column":64}},"13":{"start":{"line":24,"column":24},"end":{"line":24,"column":66}},"14":{"start":{"line":25,"column":8},"end":{"line":25,"column":39}},"15":{"start":{"line":28,"column":0},"end":{"line":28,"column":30}},"16":{"start":{"line":29,"column":11},"end":{"line":29,"column":40}},"17":{"start":{"line":30,"column":0},"end":{"line":30,"column":32}}},"fnMap":{"0":{"name":"(anonymous_0)","decl":{"start":{"line":5,"column":4},"end":{"line":5,"column":5}},"loc":{"start":{"line":5,"column":43},"end":{"line":11,"column":5}},"line":5},"1":{"name":"(anonymous_1)","decl":{"start":{"line":12,"column":4},"end":{"line":12,"column":5}},"loc":{"start":{"line":12,"column":21},"end":{"line":14,"column":5}},"line":12},"2":{"name":"(anonymous_2)","decl":{"start":{"line":15,"column":4},"end":{"line":15,"column":5}},"loc":{"start":{"line":15,"column":22},"end":{"line":17,"column":5}},"line":15},"3":{"name":"(anonymous_3)","decl":{"start":{"line":18,"column":4},"end":{"line":18,"column":5}},"loc":{"start":{"line":18,"column":24},"end":{"line":26,"column":5}},"line":18},"4":{"name":"(anonymous_4)","decl":{"start":{"line":19,"column":43},"end":{"line":19,"column":44}},"loc":{"start":{"line":19,"column":50},"end":{"line":19,"column":76}},"line":19},"5":{"name":"(anonymous_5)","decl":{"start":{"line":20,"column":43},"end":{"line":20,"column":44}},"loc":{"start":{"line":20,"column":50},"end":{"line":20,"column":75}},"line":20}},"branchMap":{"0":{"loc":{"start":{"line":21,"column":8},"end":{"line":23,"column":9}},"type":"if","locations":[{"start":{"line":21,"column":8},"end":{"line":23,"column":9}},{"start":{"line":21,"column":8},"end":{"line":23,"column":9}}],"line":21},"1":{"loc":{"start":{"line":21,"column":12},"end":{"line":21,"column":58}},"type":"binary-expr","locations":[{"start":{"line":21,"column":13},"end":{"line":21,"column":32}},{"start":{"line":21,"column":38},"end":{"line":21,"column":57}}],"line":21}},"s":{"0":1,"1":1,"2":2,"3":2,"4":2,"5":0,"6":0,"7":2,"8":8,"9":2,"10":8,"11":2,"12":0,"13":2,"14":2,"15":1,"16":1,"17":1},"f":{"0":2,"1":0,"2":0,"3":
[...]
olumn":56}},"loc":{"start":{"line":40,"column":63},"end":{"line":40,"column":80}},"line":40},"6":{"name":"(anonymous_6)","decl":{"start":{"line":43,"column":55},"end":{"line":43,"column":56}},"loc":{"start":{"line":43,"column":63},"end":{"line":43,"column":83}},"line":43}},"branchMap":{"0":{"loc":{"start":{"line":32,"column":8},"end":{"line":47,"column":9}},"type":"switch","locations":[{"start":{"line":33,"column":12},"end":{"line":35,"column":22}},{"start":{"line":36,"column":12},"end":{"line":38,"column":22}},{"start":{"line":39,"column":12},"end":{"line":41,"column":22}},{"start":{"line":42,"column":12},"end":{"line":44,"column":22}},{"start":{"line":45,"column":12},"end":{"line":46,"column":69}}],"line":32}},"s":{"0":1,"1":1,"2":1,"3":1,"4":1,"5":4,"6":4,"7":4,"8":1,"9":1,"10":1,"11":1,"12":1,"13":1,"14":1,"15":1,"16":1,"17":1,"18":1,"19":1,"20":0,"21":4,"22":1},"f":{"0":1,"1":4,"2":4,"3":1,"4":1,"5":1,"6":1},"b":{"0":[1,1,1,1,0]},"inputSourceMap":{"version":3,"file":"/home/usuario/prct6/src/ejercicio-3/documental.ts","sources":["/home/usuario/prct6/src/ejercicio-3/documental.ts"],"names":[],"mappings":";;;AAAA,mCAAkD;AAUlD;;KAEK;AACL,MAAa,YAAa,SAAQ,iCAAqC;IACrE;;;OAGG;IACH,YAAoB,YAA0B;QAC5C,KAAK,CAAC,YAAY,CAAC,CAAC;QADF,iBAAY,GAAZ,YAAY,CAAc;IAE9C,CAAC;IACD;;;OAGG;IACH,YAAY;QACV,OAAO,IAAI,CAAC,YAAY,CAAC;IAC3B,CAAC;IACD;;;;;OAKG;IACH,MAAM,CAAC,SAAiB,EAAE,KAAa;QACrC,IAAI,SAAS,GAAiB,EAAE,CAAC;QACjC,QAAQ,SAAS,EAAE;YACjB,KAAK,CAAC,QAAQ,CAAC;gBACb,SAAS,GAAG,IAAI,CAAC,YAAY,EAAE,CAAC,MAAM,CAAC,CAAC,CAAC,EAAE,EAAE,CAAC,CAAC,CAAC,CAAC,MAAM,IAAI,KAAK,CAAC,CAAC,CAAC;gBACnE,MAAM;YACR,KAAK,CAAC,KAAK,CAAC;gBACV,SAAS,GAAG,IAAI,CAAC,YAAY,EAAE,CAAC,MAAM,CAAC,CAAC,CAAC,EAAE,EAAE,CAAC,CAAC,CAAC,CAAC,GAAG,IAAI,CAAC,KAAK,CAAC,CAAC,CAAC;gBACjE,MAAM;YACR,KAAK,CAAC,QAAQ,CAAC;gBACb,SAAS,GAAG,IAAI,CAAC,YAAY,EAAE,CAAC,MAAM,CAAC,CAAC,CAAC,EAAE,EAAE,CAAC,CAAC,CAAC,CAAC,MAAM,IAAI,KAAK,CAAC,CAAC,CAAC;gBACnE,MAAM;YACR,KAAK,CAAC,UAAU,CAAC;gBACf,SAAS,GAAG,IAAI,CAAC,YAAY,EAAE,CAAC,MAAM,CAAC,CAAC,CAAC,EAAE,EAAE,CAC3C,CAAC,CAAC,CAAC,QAAQ,IAAI,CAAC,KAAK,CAAC,CAAC,CAAC;gBAC1B,MAAM;YACR;gBACE,OAAO,CAAC,GAAG,CAAC,uCAAuC,CAAC,CAAC;SACxD;QACD,OAAO,SAAS,CAAC;IACnB,CAAC;CACF;AA1CD,oCA0CC","sourcesContent":["import {BasicStreamableCollection} from './basic';\n/**\n * Tipo de dato que contiene los datos de una serie\n */\nexport type documental = {\n  titulo: string;\n  año: number;\n  genero: string;\n  duracion: number;\n}\n/**\n * Clase para representar a las documentales\n * */\nexport class Documentales extends BasicStreamableCollection<documental> {\n  /**\n   * Constructor de la clase que representa documentales\n   * @param documentales Lista de documentales\n   */\n  constructor(private documentales: documental[]) {\n    super(documentales);\n  }\n  /**\n   * Getter para el array de documentales\n   * @returns Array de documentales\n   */\n  getElementos() {\n    return this.documentales;\n  }\n  /**\n   * Funcion para buscar una serie en base a un parametro\n   * @param parametro Parametro a buscar: titulo, año, etc.\n   * @param valor Valor de ese parametro\n   * @returns Array con las documentales que coinciden\n   */\n  buscar(parametro: string, valor: string): documental[] {\n    let resultado: documental[] = [];\n    switch (parametro) {\n      case ('titulo'):\n        resultado = this.getElementos().filter((x) => (x.titulo == valor));\n        break;\n      case ('año'):\n        resultado = this.getElementos().filter((x) => (x.año == +valor));\n        break;\n      case ('genero'):\n        resultado = this.getElementos().filter((x) => (x.genero == valor));\n        break;\n      case ('duracion'):\n        resultado = this.getElementos().filter((x) =>\n          (x.duracion == +valor));\n        break;\n      default:\n        console.log('Lo sentimos, no hemos encontrado nada');\n    }\n    return resultado;\n  }\n}"]},"_coverageSchema":"1a1c01bbd47fc00a2c39e90264f33305004495a9","hash":"f7399df32cae4bb405b177643707915c0ca1a673","contentHash":"460cc76620f456ef300c4761f24d4e8110b50537bc329b355fd7ffa48f8b33be"},"/home/usuario/prct6/src/ejercicio-3/basic.ts":{"path":"/home/usuario/prct6/src/ejercicio-3/basic.ts","statementMap":{"0":{"start":{"line":2,"column":0},"end":{"line":2,"column":62}},"1":{"start":{"line":3,"column":0},"end":{"line":3,"column":43}},"2":{"start":{"line":6,"column":8},"end":{"line":6,"column":27}},"3":{"start":{"line":10,"column":8},"end":{"line":10,"column":39}},"4":{"start":{"line":13,"column":0},"end":{"line":13,"column":62}}},"fnMap":{"0":{"name":"(anonymous_0)","decl":{"start":{"line":5,"column":4},"end":{"line":5,"column":5}},"loc":{"start":{"line":5,"column":23},"end":{"line":7,"column":5}},"line":5},"1":{"name":"(anonymous_1)","decl":{"start":{"line":9,"column":4},"end":{"line":9,"column":5}},"loc":{"start":{"line":9,"column":30},"end":{"line":11,"column":5}},"line":9}},"branchMap":{},"s":{"0":1,"1":1,"2":3,"3":1,"4":1},"f":{"0":3,"1":1},"b":{},"inputSourceMap":{"version":3,"file":"/home/usuario/prct6/src/ejercicio-3/basic.ts","sources":["/home/usuario/prct6/src/ejercicio-3/basic.ts"],"names":[],"mappings":";;;AAEA,MAAsB,yBAAyB;IAE7C,YAAsB,KAAU;QAAV,UAAK,GAAL,KAAK,CAAK;IAAG,CAAC;IAAA,CAAC;IAErC,UAAU,CAAC,aAAgB;QACzB,IAAI,CAAC,KAAK,CAAC,IAAI,CAAC,aAAa,CAAC,CAAC;IACjC,CAAC;CAIF;AAVD,8DAUC","sourcesContent":["import {StremeableSearch} from './stremeablesearch';\n\nexport abstract class BasicStreamableCollection<T> implements\n  StremeableSearch<T> {\n  constructor(protected lista: T[]) {};\n\n  addElement(nuevoElemento: T) {\n    this.lista.push(nuevoElemento);\n  }\n  abstract getElementos(): T[];\n\n  abstract buscar(parametro: string, valor: string): T[];\n}"]},"_coverageSchema":"1a1c01bbd47fc00a2c39e90264f33305004495a9","hash":"9b14321e2922bcd1ef7f2aa42ad32bc5794ae7fa","contentHash":"61135c5c9ff3e2404074840fddfb2c3fa8bf09edf6905f5067b943d2880da144"},"/home/usuario/prct6/src/ejercicio-3/pelicula.ts":{"path":"/home/usuario/prct6/src/ejercicio-3/pelicula.ts","statementMap":{"0":{"start":{"line":2,"column":0},"end":{"line":2,"column":62}},"1":{"start":{"line":3,"column":0},"end":{"line":3,"column":27}},"2":{"start":{"line":4,"column":16},"end":{"line":4,"column":34}},"3":{"start":{"line":14,"column":8},"end":{"line":14,"column":25}},"4":{"start":{"line":15,"column":8},"end":{"line":15,"column":35}},"5":{"start":{"line":22,"column":8},"end":{"line":22,"column":30}},"6":{"start":{"line":31,"column":24},"end":{"line":31,"column":26}},"7":{"start":{"line":32,"column":8},"end":{"line":47,"column":9}},"8":{"start":{"line":34,"column":16},"end":{"line":34,"column":83}},"9":{"start":{"line":34,"column":63},"end":{"line":34,"column":80}},"10":{"start":{"line":35,"column":16},"end":{"line":35,"column":22}},"11":{"start":{"line":37,"column":16},"end":{"line":37,"column":81}},"12":{"start":{"line":37,"column":63},"end":{"line":37,"column":78}},"13":{"start":{"line":38,"column":16},"end":{"line":38,"column":22}},"14":{"start":{"line":40,"column":16},"end":{"line":40,"column":83}},"15":{"start":{"line":40,"column":63},"end":{"line":40,"column":80}},"16":{"start":{"line":41,"column":16},"end":{"line":41,"column":22}},"17":{"start":{"line":43,"column":16},"end":{"line":43,"column":91}},"18":{"start":{"line":43,"column":63},"end":{"line":43,"column":88}},"19":{"start":{"line":44,"column":16},"end":{"line":44,"column":22}},"20":{"start":{"line":46,"column":16},"end":{"line":46,"column":69}},"21":{"start":{"line":48,"column":8},"end":{"line":48,"column":25}},"22":{"start":{"line":51,"column":0},"end":{"line":51,"column":30}}},"fnMap":{"0":{"name":"(anonymous_0)","decl":{"start":{"line":13,"column":4},"end":{"line":13,"column":5}},"loc":{"start":{"line":13,"column":27},"end":{"line":16,"column":5}},"line":13},"1":{"name":"(anonymous_1)","decl":{"start":{"line":21,"column":4},"end":{"line":21,"column":5}},"loc":{"start":{"line":21,"column":19},"end":{"line":23,"column":5}},"line":21},"2":{"name":"(anonymous_2)","decl":{"start":{"line":30,"column":4},"end":{"line":30,"column":5}},"loc":{"start":{"line":30,"column":29},"end":{"line":49,"column":5}},"line":30},"3":{"name":"(anonymous_3)","decl":{"start":{"line":34,"column":55},"end":{"line":34,"column":56}},"loc":{"start":{"line":34,"column":63},"end":{"line":34,"column":80}},"line":34},"4":{"name":"(anonymous_4)","decl":{"start":{"line":37,"column":55},"end":{"line":37,"column":56}},"loc":{"start":{"line":37,"column":63},"end":{"line":37,"column":78}},"line":37},"5":{"name":"(anonymous_5)","decl":{"start":{"line":40,"column":55},"end":{"line":40,"column":56}},"loc":{"start":{"line":40,"column":63},"end":{"line":40,"column":80}},"line":40},"6":{"name":"(anonymous_6)","decl":{"start":{"line":43,"column":55},"end":{"line":43,"column":56}},"loc":{"start":{"line":43,"column":63},"end":{"line":43,"column":88}},"line":43}},"branchMap":{"0":{"loc":{"start":{"line":32,"column":8},"end":{"line":47,"column":9}},"type":"switch","locations":[{"start":{"line":33,"column":12},"end":{"line":35,"column":22}},{"start":{"line":36,"column":12},"end":{"line":38,"column":22}},{"start":{"line":39,"column":12},"end":{"line":41,"column":22}},{"start":{"line":42,"column":12},"end":{"line":44,"column":22}},{"start":{"line":45,"column":12},"end":{"line":46,"column":69}}],"line":32}},"s":{"0":1,"1":1,"2":1,"3":1,"4":1,"5":5,"6":5,"7":5,"8":1,"9":2,"10":1,"11":1,"12":2,"13":1,"14":1,"15":2,"16":1,"17":1,"18":2,"19":1,"20":1,"21":5,"22":1},"f":{"0":1,"1":5,"2":5,"3":2,"4":2,"5":2,"6":2},"b":{"0":[1,1,1,1,1]},"inputSourceMap":{"version":3,"file":"/home/usuario/prct6/src/ejercicio-3/pelicula.ts","sources":["/home/usuario/prct6/src/ejercicio-3/pelicula.ts"],"names":[],"mappings":";;;AAAA,mCAAkD;AAUlD;;KAEK;AACL,MAAa,SAAU,SAAQ,iCAAmC;IAChE;;;OAGG;IACH,YAAoB,SAAqB;QACvC,KAAK,CAAC,SAAS,CAAC,CAAC;QADC,cAAS,GAAT,SAAS,CAAY;IAEzC,CAAC;IACD;;;OAGG;IACH,YAAY;QACV,OAAO,IAAI,CAAC,SAAS,CAAC;IACxB,CAAC;IACD;;;;;OAKG;IACH,MAAM,CAAC,SAAiB,EAAE,KAAa;QACrC,IAAI,SAAS,GAAe,EAAE,CAAC;QAC/B,QAAQ,SAAS,EAAE;YACjB,KAAK,CAAC,QAAQ,CAAC;gBACb,SAAS,GAAG,IAAI,CAAC,YAAY,EAAE,CAAC,MAAM,CAAC,CAAC,CAAC,EAAE,EAAE,CAAC,CAAC,CAAC,CAAC,MAAM,IAAI,KAAK,CAAC,CAAC,CAAC;gBACnE,MAAM;YACR,KAAK,CAAC,KAAK,CAAC;gBACV,SAAS,GAAG,IAAI,CAAC,YAAY,EAAE,CAAC,MAAM,CAAC,CAAC,CAAC,EAAE,EAAE,CAAC,CAAC,CAAC,CAAC,GAAG,IAAI,CAAC,KAAK,CAAC,CAAC,CAAC;gBACjE,MAAM;YACR,KAAK,CAAC,QAAQ,CAAC;gBACb,SAAS,GAAG,IAAI,CAAC,YAAY,EAAE,CAAC,MAAM,CAAC,CAAC,CAAC,EAAE,EAAE,CAAC,CAAC,CAAC,CAAC,MAAM,IAAI,KAAK,CAAC,CAAC,CAAC;gBACnE,MAAM;YACR,KAAK,CAAC,eAAe,CAAC;gBACpB,SAAS,GAAG,IAAI,CAAC,YAAY,EAAE,CAAC,MAAM,CAAC,CAAC,CAAC,EAAE,EAAE,CAC3C,CAAC,CAAC,CAAC,aAAa,IAAI,CAAC,KAAK,CAAC,CAAC,CAAC;gBAC/B,MAAM;YACR;gBACE,OAAO,CAAC,GAAG,CAAC,uCAAuC,CAAC,CAAC;SACxD;QACD,OAAO,SAAS,CAAC;IACnB,CAAC;CACF;AA1CD,8BA0CC","sourcesContent":["import {BasicStreamableCollection} from './basic';\n/**\n * Tipo de dato que contiene los datos de una serie\n */\nexport type pelicula = {\n  titulo: string;\n  año: number;\n  genero: string;\n  clasificacion: number;\n}\n/**\n * Clase para representar a las peliculas\n * */\nexport class Peliculas extends BasicStreamableCollection<pelicula> {\n  /**\n   * Constructor de la clase que representa peliculas\n   * @param peliculas Lista de peliculas\n   */\n  constructor(private peliculas: pelicula[]) {\n    super(peliculas);\n  }\n  /**\n   * Getter para el array de peliculas\n   * @returns Array de peliculas\n   */\n  getElementos() {\n    return this.peliculas;\n  }\n  /**\n   * Funcion para buscar una serie en base a un parametro\n   * @param parametro Parametro a buscar: titulo, año, etc.\n   * @param valor Valor de ese parametro\n   * @returns Array con las peliculas que coinciden\n   */\n  buscar(parametro: string, valor: string): pelicula[] {\n    let resultado: pelicula[] = [];\n    switch (parametro) {\n      case ('titulo'):\n        resultado = this.getElementos().filter((x) => (x.titulo == valor));\n        break;\n      case ('año'):\n        resultado = this.getElementos().filter((x) => (x.año == +valor));\n        break;\n      case ('genero'):\n        resultado = this.getElementos().filter((x) => (x.genero == valor));\n        break;\n      case ('clasificacion'):\n        resultado = this.getElementos().filter((x) =>\n          (x.clasificacion == +valor));\n        break;\n      default:\n        console.log('Lo sentimos, no hemos encontrado nada');\n    }\n    return resultado;\n  }\n}"]},"_coverageSchema":"1a1c01bbd47fc00a2c39e90264f33305004495a9","hash":"6084f19030cdb2476248ed8d56a8f9620151c6cf","contentHash":"8d1942153c957aaf0943d8cb5ab8b543295a1ffeb9578fca5ddb164539eeb455"},"/home/usuario/prct6/src/ejercicio-3/serie.ts":{"path":"/home/usuario/prct6/src/ejercicio-3/serie.ts","statementMap":{"0":{"start":{"line":2,"column":0},"end":{"line":2,"column":62}},"1":{"start":{"line":3,"column":0},"end":{"line":3,"column":24}},"2":{"start":{"line":4,"column":16},"end":{"line":4,"column":34}},"3":{"start":{"line":14,"column":8},"end":{"line":14,"column":22}},"4":{"start":{"line":15,"column":8},"end":{"line":15,"column":29}},"5":{"start":{"line":22,"column":8},"end":{"line":22,"column":27}},"6":{"start":{"line":31,"column":24},"end":{"line":31,"column":26}},"7":{"start":{"line":32,"column":8},"end":{"line":50,"column":9}},"8":{"start":{"line":34,"column":16},"end":{"line":34,"column":83}},"9":{"start":{"line":34,"column":63},"end":{"line":34,"column":80}},"10":{"start":{"line":35,"column":16},"end":{"line":35,"column":22}},"11":{"start":{"line":37,"column":16},"end":{"line":37,"column":81}},"12":{"start":{"line":37,"column":63},"end":{"line":37,"column":78}},"13":{"start":{"line":38,"column":16},"end":{"line":38,"column":22}},"14":{"start":{"line":40,"column":16},"end":{"line":40,"column":88}},"15":{"start":{"line":40,"column":63},"end":{"line":40,"column":85}},"16":{"start":{"line":41,"column":16},"end":{"line":41,"column":22}},"17":{"start":{"line":43,"column":16},"end":{"line":43,"column":83}},"18":{"start":{"line":43,"column":63},"end":{"line":43,"column":80}},"19":{"start":{"line":44,"column":16},"end":{"line":44,"column":22}},"20":{"start":{"line":46,"column":16},"end":{"line":46,"column":91}},"21":{"start":{"line":46,"column":63},"end":{"line":46,"column":88}},"22":{"start":{"line":47,"column":16},"end":{"line":47,"column":22}},"23":{"start":{"line":49,"column":16},"end":{"line":49,"column":69}},"24":{"start":{"line":51,"column":8},"end":{"line":51,"column":25}},"25":{"start":{"line":54,"column":0},"end":{"line":54,"column":24}}},"fnMap":{"0":{"name":"(anonymous_0)","decl":{"start":{"line":13,"column":4},"end":{"line":13,"column":5}},"loc":{"start":{"line":13,"column":24},"end":{"line":16,"column":5}},"line":13},"1":{"name":"(anonymous_1)","decl":{"start":{"line":21,"column":4},"end":{"line":21,"column":5}},"loc":{"start":{"line":21,"column":19},"end":{"line":23,"column":5}},"line":21},"2":{"name":"(anonymous_2)","decl":{"start":{"line":30,"column":4},"end":{"line":30,"column":5}},"loc":{"start":{"line":30,"column":29},"end":{"line":52,"column":5}},"line":30},"3":{"name":"(anonymous_3)","decl":{"start":{"line":34,"column":55},"end":{"line":34,"column":56}},"loc":{"start":{"line":34,"column":63},"end":{"line":34,"column":80}},"line":34},"4":{"name":"(anonymous_4)","decl":{"start":{"line":37,"column":55},"end":{"line":37,"column":56}},"loc":{"start":{"line":37,"column":63},"end":{"line":37,"column":78}},"line":37},"5":{"name":"(anonymous_5)","decl":{"start":{"line":40,"column":55},"end":{"line":40,"column":56}},"loc":{"start":{"line":40,"column":63},"end":{"line":40,"column":85}},"line":40},"6":{"name":"(anonymous_6)","decl":{"start":{"line":43,"column":55},"end":{"line":43,"column":56}},"loc":{"start":{"line":43,"column":63},"end":{"line":43,"column":80}},"line":43},"7":{"name":"(anonymous_7)","decl":{"start":{"line":46,"column":55},"end":{"line":46,"column":56}},"loc":{"start":{"line":46,"column":63},"end":{"line":46,"column":88}},"line":46}},"branchMap":{"0":{"loc":{"start":{"line":32,"column":8},"end":{"line":50,"column":9}},"type":"switch","locations":[{"start":{"line":33,"column":12},"end":{"line":35,"column":22}},{"start":{"line":36,"column":12},"end":{"line":38,"column":22}},{"start":{"line":39,"column":12},"end":{"line":41,"column":22}},{"start":{"line":42,"column":12},"end":{"line":44,"column":22}},{"start":{"line":45,"column":12},"end":{"line":47,"column":22}},{"start":{"line":48,"column":12},"end":{"line":49,"column":69}}],"line":32}},"s":{"0":1,"1":1,"2":1,"3":1,"4":1,"5":6,"6":6,"7":6,"8":2,"9":4,"10":2,"11":1,"12":2,"13":1,"14":1,"15":2,"16":1,"17":1,"18":2,"19":1,"20":1,"21":2,"22":1,"23":0,"24":6,"25":1},"f":{"0":1,"1":6,"2":6,"3":4,"4":2,"5":2,"6":2,"7":2},"b":{"0":[2,1,1,1,1,0]},"inputSourceMap":{"version":3,"file":"/home/usuario/prct6/src/ejercicio-3/serie.ts","sources":["/home/usuario/prct6/src/ejercicio-3/serie.ts"],"names":[],"mappings":";;;AAAA,mCAAkD;AAWlD;;KAEK;AACL,MAAa,MAAO,SAAQ,iCAAgC;IAC1D;;;OAGG;IACH,YAAoB,MAAe;QACjC,KAAK,CAAC,MAAM,CAAC,CAAC;QADI,WAAM,GAAN,MAAM,CAAS;IAEnC,CAAC;IACD;;;OAGG;IACH,YAAY;QACV,OAAO,IAAI,CAAC,MAAM,CAAC;IACrB,CAAC;IACD;;;;;OAKG;IACH,MAAM,CAAC,SAAiB,EAAE,KAAa;QACrC,IAAI,SAAS,GAAY,EAAE,CAAC;QAC5B,QAAQ,SAAS,EAAE;YACjB,KAAK,CAAC,QAAQ,CAAC;gBACb,SAAS,GAAG,IAAI,CAAC,YAAY,EAAE,CAAC,MAAM,CAAC,CAAC,CAAC,EAAE,EAAE,CAAC,CAAC,CAAC,CAAC,MAAM,IAAI,KAAK,CAAC,CAAC,CAAC;gBACnE,MAAM;YACR,KAAK,CAAC,KAAK,CAAC;gBACV,SAAS,GAAG,IAAI,CAAC,YAAY,EAAE,CAAC,MAAM,CAAC,CAAC,CAAC,EAAE,EAAE,CAAC,CAAC,CAAC,CAAC,GAAG,IAAI,CAAC,KAAK,CAAC,CAAC,CAAC;gBACjE,MAAM;YACR,KAAK,CAAC,YAAY,CAAC;gBACjB,SAAS,GAAG,IAAI,CAAC,YAAY,EAAE,CAAC,MAAM,CAAC,CAAC,CAAC,EAAE,EAAE,CAAC,CAAC,CAAC,CAAC,UAAU,IAAI,CAAC,KAAK,CAAC,CAAC,CAAC;gBACxE,MAAM;YACR,KAAK,CAAC,QAAQ,CAAC;gBACb,SAAS,GAAG,IAAI,CAAC,YAAY,EAAE,CAAC,MAAM,CAAC,CAAC,CAAC,EAAE,EAAE,CAAC,CAAC,CAAC,CAAC,MAAM,IAAI,KAAK,CAAC,CAAC,CAAC;gBACnE,MAAM;YACR,KAAK,CAAC,eAAe,CAAC;gBACpB,SAAS,GAAG,IAAI,CAAC,YAAY,EAAE,CAAC,MAAM,CAAC,CAAC,CAAC,EAAE,EAAE,CAC3C,CAAC,CAAC,CAAC,aAAa,IAAI,CAAC,KAAK,CAAC,CAAC,CAAC;gBAC/B,MAAM;YACR;gBACE,OAAO,CAAC,GAAG,CAAC,uCAAuC,CAAC,CAAC;SACxD;QACD,OAAO,SAAS,CAAC;IACnB,CAAC;CACF;AA7CD,wBA6CC","sourcesContent":["import {BasicStreamableCollection} from './basic';\n/**\n * Tipo de dato que contiene los datos de una serie\n */\nexport type serie = {\n  titulo: string;\n  año: number;\n  temporadas: number;\n  genero: string;\n  clasificacion: number;\n}\n/**\n * Clase para representar a las series\n * */\nexport class Series extends BasicStreamableCollection<serie> {\n  /**\n   * Constructor de la clase que representa Series\n   * @param series Lista de series\n   */\n  constructor(private series: serie[]) {\n    super(series);\n  }\n  /**\n   * Getter para el array de series\n   * @returns Array de series\n   */\n  getElementos() {\n    return this.series;\n  }\n  /**\n   * Funcion para buscar una serie en base a un parametro\n   * @param parametro Parametro a buscar: titulo, año, etc.\n   * @param valor Valor de ese parametro\n   * @returns Array con las series que coinciden\n   */\n  buscar(parametro: string, valor: string): serie[] {\n    let resultado: serie[] = [];\n    switch (parametro) {\n      case ('titulo'):\n        resultado = this.getElementos().filter((x) => (x.titulo == valor));\n        break;\n      case ('año'):\n        resultado = this.getElementos().filter((x) => (x.año == +valor));\n        break;\n      case ('temporadas'):\n        resultado = this.getElementos().filter((x) => (x.temporadas == +valor));\n        break;\n      case ('genero'):\n        resultado = this.getElementos().filter((x) => (x.genero == valor));\n        break;\n      case ('clasificacion'):\n        resultado = this.getElementos().filter((x) =>\n          (x.clasificacion == +valor));\n        break;\n      default:\n        console.log('Lo sentimos, no hemos encontrado nada');\n    }\n    return resultado;\n  }\n}"]},"_coverageSchema":"1a1c01bbd47fc00a2c39e90264f33305004495a9","hash":"26162e27e8cec327d8c3007c7d2042324917280f","contentHash":"e3b00a55048c2264e3885ef10405ed97fa0a786de4687e85851ce37d19498a91"}}